<?xml version="1.0" encoding="UTF-8"?>
<testsuite xmlns:xsi="http://www.w3.org/2001/XMLSchema-instance" xsi:noNamespaceSchemaLocation="https://maven.apache.org/surefire/maven-surefire-plugin/xsd/surefire-test-report.xsd" name="com.form3.cucumber.CucumberTest" time="4.946" tests="383" errors="0" skipped="0" failures="0">
  <properties>
    <property name="sun.desktop" value="gnome"/>
    <property name="awt.toolkit" value="sun.awt.X11.XToolkit"/>
    <property name="file.encoding.pkg" value="sun.io"/>
    <property name="java.specification.version" value="1.8"/>
    <property name="sun.cpu.isalist" value=""/>
    <property name="sun.jnu.encoding" value="UTF-8"/>
    <property name="java.class.path" value="/home/jamie/git/CODE/JAVA/FORM3/form3/interview-task/target/test-classes:/home/jamie/git/CODE/JAVA/FORM3/form3/interview-task/target/classes:/home/jamie/.m2/repository/org/springframework/boot/spring-boot-starter-web/2.0.0.RC1/spring-boot-starter-web-2.0.0.RC1.jar:/home/jamie/.m2/repository/org/springframework/boot/spring-boot-starter/2.0.0.RC1/spring-boot-starter-2.0.0.RC1.jar:/home/jamie/.m2/repository/org/springframework/boot/spring-boot/2.0.0.RC1/spring-boot-2.0.0.RC1.jar:/home/jamie/.m2/repository/org/springframework/boot/spring-boot-autoconfigure/2.0.0.RC1/spring-boot-autoconfigure-2.0.0.RC1.jar:/home/jamie/.m2/repository/org/springframework/boot/spring-boot-starter-logging/2.0.0.RC1/spring-boot-starter-logging-2.0.0.RC1.jar:/home/jamie/.m2/repository/ch/qos/logback/logback-classic/1.2.3/logback-classic-1.2.3.jar:/home/jamie/.m2/repository/ch/qos/logback/logback-core/1.2.3/logback-core-1.2.3.jar:/home/jamie/.m2/repository/org/apache/logging/log4j/log4j-to-slf4j/2.10.0/log4j-to-slf4j-2.10.0.jar:/home/jamie/.m2/repository/org/apache/logging/log4j/log4j-api/2.10.0/log4j-api-2.10.0.jar:/home/jamie/.m2/repository/org/slf4j/jul-to-slf4j/1.7.25/jul-to-slf4j-1.7.25.jar:/home/jamie/.m2/repository/javax/annotation/javax.annotation-api/1.3.1/javax.annotation-api-1.3.1.jar:/home/jamie/.m2/repository/org/yaml/snakeyaml/1.19/snakeyaml-1.19.jar:/home/jamie/.m2/repository/org/springframework/boot/spring-boot-starter-json/2.0.0.RC1/spring-boot-starter-json-2.0.0.RC1.jar:/home/jamie/.m2/repository/com/fasterxml/jackson/datatype/jackson-datatype-jdk8/2.9.2/jackson-datatype-jdk8-2.9.2.jar:/home/jamie/.m2/repository/com/fasterxml/jackson/module/jackson-module-parameter-names/2.9.2/jackson-module-parameter-names-2.9.2.jar:/home/jamie/.m2/repository/org/springframework/boot/spring-boot-starter-tomcat/2.0.0.RC1/spring-boot-starter-tomcat-2.0.0.RC1.jar:/home/jamie/.m2/repository/org/apache/tomcat/embed/tomcat-embed-core/8.5.27/tomcat-embed-core-8.5.27.jar:/home/jamie/.m2/repository/org/apache/tomcat/embed/tomcat-embed-el/8.5.27/tomcat-embed-el-8.5.27.jar:/home/jamie/.m2/repository/org/apache/tomcat/embed/tomcat-embed-websocket/8.5.27/tomcat-embed-websocket-8.5.27.jar:/home/jamie/.m2/repository/org/hibernate/validator/hibernate-validator/6.0.7.Final/hibernate-validator-6.0.7.Final.jar:/home/jamie/.m2/repository/javax/validation/validation-api/2.0.1.Final/validation-api-2.0.1.Final.jar:/home/jamie/.m2/repository/org/jboss/logging/jboss-logging/3.3.1.Final/jboss-logging-3.3.1.Final.jar:/home/jamie/.m2/repository/org/springframework/spring-web/5.0.3.RELEASE/spring-web-5.0.3.RELEASE.jar:/home/jamie/.m2/repository/org/springframework/spring-beans/5.0.3.RELEASE/spring-beans-5.0.3.RELEASE.jar:/home/jamie/.m2/repository/org/springframework/spring-webmvc/5.0.3.RELEASE/spring-webmvc-5.0.3.RELEASE.jar:/home/jamie/.m2/repository/org/springframework/spring-aop/5.0.3.RELEASE/spring-aop-5.0.3.RELEASE.jar:/home/jamie/.m2/repository/org/springframework/spring-context/5.0.3.RELEASE/spring-context-5.0.3.RELEASE.jar:/home/jamie/.m2/repository/org/springframework/spring-expression/5.0.3.RELEASE/spring-expression-5.0.3.RELEASE.jar:/home/jamie/.m2/repository/org/springframework/boot/spring-boot-starter-data-mongodb/2.0.0.RC1/spring-boot-starter-data-mongodb-2.0.0.RC1.jar:/home/jamie/.m2/repository/org/mongodb/mongodb-driver/3.6.1/mongodb-driver-3.6.1.jar:/home/jamie/.m2/repository/org/mongodb/bson/3.6.1/bson-3.6.1.jar:/home/jamie/.m2/repository/org/mongodb/mongodb-driver-core/3.6.1/mongodb-driver-core-3.6.1.jar:/home/jamie/.m2/repository/org/springframework/data/spring-data-mongodb/2.0.3.RELEASE/spring-data-mongodb-2.0.3.RELEASE.jar:/home/jamie/.m2/repository/org/springframework/spring-tx/5.0.3.RELEASE/spring-tx-5.0.3.RELEASE.jar:/home/jamie/.m2/repository/org/springframework/data/spring-data-commons/2.0.3.RELEASE/spring-data-commons-2.0.3.RELEASE.jar:/home/jamie/.m2/repository/org/springframework/boot/spring-boot-starter-test/2.0.0.RC1/spring-boot-starter-test-2.0.0.RC1.jar:/home/jamie/.m2/repository/org/springframework/boot/spring-boot-test/2.0.0.RC1/spring-boot-test-2.0.0.RC1.jar:/home/jamie/.m2/repository/org/springframework/boot/spring-boot-test-autoconfigure/2.0.0.RC1/spring-boot-test-autoconfigure-2.0.0.RC1.jar:/home/jamie/.m2/repository/com/jayway/jsonpath/json-path/2.4.0/json-path-2.4.0.jar:/home/jamie/.m2/repository/net/minidev/json-smart/2.3/json-smart-2.3.jar:/home/jamie/.m2/repository/net/minidev/accessors-smart/1.2/accessors-smart-1.2.jar:/home/jamie/.m2/repository/org/ow2/asm/asm/5.0.4/asm-5.0.4.jar:/home/jamie/.m2/repository/junit/junit/4.12/junit-4.12.jar:/home/jamie/.m2/repository/org/assertj/assertj-core/3.9.0/assertj-core-3.9.0.jar:/home/jamie/.m2/repository/org/mockito/mockito-core/2.13.0/mockito-core-2.13.0.jar:/home/jamie/.m2/repository/net/bytebuddy/byte-buddy/1.7.9/byte-buddy-1.7.9.jar:/home/jamie/.m2/repository/net/bytebuddy/byte-buddy-agent/1.7.9/byte-buddy-agent-1.7.9.jar:/home/jamie/.m2/repository/org/objenesis/objenesis/2.6/objenesis-2.6.jar:/home/jamie/.m2/repository/org/hamcrest/hamcrest-core/1.3/hamcrest-core-1.3.jar:/home/jamie/.m2/repository/org/hamcrest/hamcrest-library/1.3/hamcrest-library-1.3.jar:/home/jamie/.m2/repository/org/skyscreamer/jsonassert/1.5.0/jsonassert-1.5.0.jar:/home/jamie/.m2/repository/com/vaadin/external/google/android-json/0.0.20131108.vaadin1/android-json-0.0.20131108.vaadin1.jar:/home/jamie/.m2/repository/org/springframework/spring-core/5.0.3.RELEASE/spring-core-5.0.3.RELEASE.jar:/home/jamie/.m2/repository/org/springframework/spring-jcl/5.0.3.RELEASE/spring-jcl-5.0.3.RELEASE.jar:/home/jamie/.m2/repository/org/springframework/spring-test/5.0.3.RELEASE/spring-test-5.0.3.RELEASE.jar:/home/jamie/.m2/repository/org/xmlunit/xmlunit-core/2.5.1/xmlunit-core-2.5.1.jar:/home/jamie/.m2/repository/com/fasterxml/jackson/datatype/jackson-datatype-jsr310/2.9.2/jackson-datatype-jsr310-2.9.2.jar:/home/jamie/.m2/repository/com/fasterxml/jackson/core/jackson-annotations/2.9.0/jackson-annotations-2.9.0.jar:/home/jamie/.m2/repository/com/fasterxml/jackson/core/jackson-core/2.9.2/jackson-core-2.9.2.jar:/home/jamie/.m2/repository/com/fasterxml/jackson/core/jackson-databind/2.9.2/jackson-databind-2.9.2.jar:/home/jamie/.m2/repository/mysql/mysql-connector-java/5.1.45/mysql-connector-java-5.1.45.jar:/home/jamie/.m2/repository/org/hsqldb/hsqldb/2.4.0/hsqldb-2.4.0.jar:/home/jamie/.m2/repository/org/slf4j/slf4j-api/1.7.25/slf4j-api-1.7.25.jar:/home/jamie/.m2/repository/info/cukes/cucumber-core/1.2.5/cucumber-core-1.2.5.jar:/home/jamie/.m2/repository/info/cukes/cucumber-html/0.2.3/cucumber-html-0.2.3.jar:/home/jamie/.m2/repository/info/cukes/cucumber-jvm-deps/1.0.5/cucumber-jvm-deps-1.0.5.jar:/home/jamie/.m2/repository/info/cukes/gherkin/2.12.2/gherkin-2.12.2.jar:/home/jamie/.m2/repository/info/cukes/cucumber-java/1.2.5/cucumber-java-1.2.5.jar:/home/jamie/.m2/repository/info/cukes/cucumber-junit/1.2.5/cucumber-junit-1.2.5.jar:/home/jamie/.m2/repository/info/cukes/cucumber-spring/1.2.5/cucumber-spring-1.2.5.jar:/home/jamie/.m2/repository/org/projectlombok/lombok/1.16.16/lombok-1.16.16.jar:/home/jamie/.m2/repository/commons-io/commons-io/1.3.2/commons-io-1.3.2.jar:/home/jamie/.m2/repository/commons-lang/commons-lang/2.6/commons-lang-2.6.jar:/home/jamie/.m2/repository/ma/glasnost/orika/orika-core/1.4.2/orika-core-1.4.2.jar:/home/jamie/.m2/repository/org/javassist/javassist/3.22.0-CR2/javassist-3.22.0-CR2.jar:/home/jamie/.m2/repository/com/thoughtworks/paranamer/paranamer/2.3/paranamer-2.3.jar:/home/jamie/.m2/repository/com/googlecode/concurrentlinkedhashmap/concurrentlinkedhashmap-lru/1.2_jdk5/concurrentlinkedhashmap-lru-1.2_jdk5.jar:/home/jamie/.m2/repository/io/springfox/springfox-swagger2/2.8.0/springfox-swagger2-2.8.0.jar:/home/jamie/.m2/repository/io/swagger/swagger-annotations/1.5.14/swagger-annotations-1.5.14.jar:/home/jamie/.m2/repository/io/swagger/swagger-models/1.5.14/swagger-models-1.5.14.jar:/home/jamie/.m2/repository/io/springfox/springfox-spi/2.8.0/springfox-spi-2.8.0.jar:/home/jamie/.m2/repository/io/springfox/springfox-core/2.8.0/springfox-core-2.8.0.jar:/home/jamie/.m2/repository/io/springfox/springfox-schema/2.8.0/springfox-schema-2.8.0.jar:/home/jamie/.m2/repository/io/springfox/springfox-swagger-common/2.8.0/springfox-swagger-common-2.8.0.jar:/home/jamie/.m2/repository/io/springfox/springfox-spring-web/2.8.0/springfox-spring-web-2.8.0.jar:/home/jamie/.m2/repository/org/reflections/reflections/0.9.11/reflections-0.9.11.jar:/home/jamie/.m2/repository/com/google/guava/guava/20.0/guava-20.0.jar:/home/jamie/.m2/repository/com/fasterxml/classmate/1.3.4/classmate-1.3.4.jar:/home/jamie/.m2/repository/org/springframework/plugin/spring-plugin-core/1.2.0.RELEASE/spring-plugin-core-1.2.0.RELEASE.jar:/home/jamie/.m2/repository/org/springframework/plugin/spring-plugin-metadata/1.2.0.RELEASE/spring-plugin-metadata-1.2.0.RELEASE.jar:/home/jamie/.m2/repository/org/mapstruct/mapstruct/1.2.0.Final/mapstruct-1.2.0.Final.jar:/home/jamie/.m2/repository/io/springfox/springfox-swagger-ui/2.8.0/springfox-swagger-ui-2.8.0.jar:/home/jamie/.m2/repository/io/springfox/springfox-bean-validators/2.8.0/springfox-bean-validators-2.8.0.jar:/home/jamie/.m2/repository/org/mongodb/mongo-java-driver/3.6.1/mongo-java-driver-3.6.1.jar:/home/jamie/.m2/repository/org/mongodb/morphia/morphia/1.2.1/morphia-1.2.1.jar:/home/jamie/.m2/repository/cglib/cglib-nodep/2.2.2/cglib-nodep-2.2.2.jar:/home/jamie/.m2/repository/com/thoughtworks/proxytoys/proxytoys/1.0/proxytoys-1.0.jar:"/>
    <property name="java.vm.vendor" value="Oracle Corporation"/>
    <property name="sun.arch.data.model" value="64"/>
    <property name="java.vendor.url" value="http://java.oracle.com/"/>
    <property name="user.timezone" value=""/>
    <property name="java.vm.specification.version" value="1.8"/>
    <property name="os.name" value="Linux"/>
    <property name="user.country" value="IE"/>
    <property name="sun.java.launcher" value="SUN_STANDARD"/>
    <property name="sun.boot.library.path" value="/usr/lib/jvm/java-8-oracle/jre/lib/amd64"/>
    <property name="sun.java.command" value="/home/jamie/git/CODE/JAVA/FORM3/form3/interview-task/target/surefire/surefirebooter2957378859997872616.jar /home/jamie/git/CODE/JAVA/FORM3/form3/interview-task/target/surefire 2018-11-06T17-19-34_505-jvmRun1 surefire3524410372188349146tmp surefire_02703974157461010877tmp"/>
    <property name="surefire.test.class.path" value="/home/jamie/git/CODE/JAVA/FORM3/form3/interview-task/target/test-classes:/home/jamie/git/CODE/JAVA/FORM3/form3/interview-task/target/classes:/home/jamie/.m2/repository/org/springframework/boot/spring-boot-starter-web/2.0.0.RC1/spring-boot-starter-web-2.0.0.RC1.jar:/home/jamie/.m2/repository/org/springframework/boot/spring-boot-starter/2.0.0.RC1/spring-boot-starter-2.0.0.RC1.jar:/home/jamie/.m2/repository/org/springframework/boot/spring-boot/2.0.0.RC1/spring-boot-2.0.0.RC1.jar:/home/jamie/.m2/repository/org/springframework/boot/spring-boot-autoconfigure/2.0.0.RC1/spring-boot-autoconfigure-2.0.0.RC1.jar:/home/jamie/.m2/repository/org/springframework/boot/spring-boot-starter-logging/2.0.0.RC1/spring-boot-starter-logging-2.0.0.RC1.jar:/home/jamie/.m2/repository/ch/qos/logback/logback-classic/1.2.3/logback-classic-1.2.3.jar:/home/jamie/.m2/repository/ch/qos/logback/logback-core/1.2.3/logback-core-1.2.3.jar:/home/jamie/.m2/repository/org/apache/logging/log4j/log4j-to-slf4j/2.10.0/log4j-to-slf4j-2.10.0.jar:/home/jamie/.m2/repository/org/apache/logging/log4j/log4j-api/2.10.0/log4j-api-2.10.0.jar:/home/jamie/.m2/repository/org/slf4j/jul-to-slf4j/1.7.25/jul-to-slf4j-1.7.25.jar:/home/jamie/.m2/repository/javax/annotation/javax.annotation-api/1.3.1/javax.annotation-api-1.3.1.jar:/home/jamie/.m2/repository/org/yaml/snakeyaml/1.19/snakeyaml-1.19.jar:/home/jamie/.m2/repository/org/springframework/boot/spring-boot-starter-json/2.0.0.RC1/spring-boot-starter-json-2.0.0.RC1.jar:/home/jamie/.m2/repository/com/fasterxml/jackson/datatype/jackson-datatype-jdk8/2.9.2/jackson-datatype-jdk8-2.9.2.jar:/home/jamie/.m2/repository/com/fasterxml/jackson/module/jackson-module-parameter-names/2.9.2/jackson-module-parameter-names-2.9.2.jar:/home/jamie/.m2/repository/org/springframework/boot/spring-boot-starter-tomcat/2.0.0.RC1/spring-boot-starter-tomcat-2.0.0.RC1.jar:/home/jamie/.m2/repository/org/apache/tomcat/embed/tomcat-embed-core/8.5.27/tomcat-embed-core-8.5.27.jar:/home/jamie/.m2/repository/org/apache/tomcat/embed/tomcat-embed-el/8.5.27/tomcat-embed-el-8.5.27.jar:/home/jamie/.m2/repository/org/apache/tomcat/embed/tomcat-embed-websocket/8.5.27/tomcat-embed-websocket-8.5.27.jar:/home/jamie/.m2/repository/org/hibernate/validator/hibernate-validator/6.0.7.Final/hibernate-validator-6.0.7.Final.jar:/home/jamie/.m2/repository/javax/validation/validation-api/2.0.1.Final/validation-api-2.0.1.Final.jar:/home/jamie/.m2/repository/org/jboss/logging/jboss-logging/3.3.1.Final/jboss-logging-3.3.1.Final.jar:/home/jamie/.m2/repository/org/springframework/spring-web/5.0.3.RELEASE/spring-web-5.0.3.RELEASE.jar:/home/jamie/.m2/repository/org/springframework/spring-beans/5.0.3.RELEASE/spring-beans-5.0.3.RELEASE.jar:/home/jamie/.m2/repository/org/springframework/spring-webmvc/5.0.3.RELEASE/spring-webmvc-5.0.3.RELEASE.jar:/home/jamie/.m2/repository/org/springframework/spring-aop/5.0.3.RELEASE/spring-aop-5.0.3.RELEASE.jar:/home/jamie/.m2/repository/org/springframework/spring-context/5.0.3.RELEASE/spring-context-5.0.3.RELEASE.jar:/home/jamie/.m2/repository/org/springframework/spring-expression/5.0.3.RELEASE/spring-expression-5.0.3.RELEASE.jar:/home/jamie/.m2/repository/org/springframework/boot/spring-boot-starter-data-mongodb/2.0.0.RC1/spring-boot-starter-data-mongodb-2.0.0.RC1.jar:/home/jamie/.m2/repository/org/mongodb/mongodb-driver/3.6.1/mongodb-driver-3.6.1.jar:/home/jamie/.m2/repository/org/mongodb/bson/3.6.1/bson-3.6.1.jar:/home/jamie/.m2/repository/org/mongodb/mongodb-driver-core/3.6.1/mongodb-driver-core-3.6.1.jar:/home/jamie/.m2/repository/org/springframework/data/spring-data-mongodb/2.0.3.RELEASE/spring-data-mongodb-2.0.3.RELEASE.jar:/home/jamie/.m2/repository/org/springframework/spring-tx/5.0.3.RELEASE/spring-tx-5.0.3.RELEASE.jar:/home/jamie/.m2/repository/org/springframework/data/spring-data-commons/2.0.3.RELEASE/spring-data-commons-2.0.3.RELEASE.jar:/home/jamie/.m2/repository/org/springframework/boot/spring-boot-starter-test/2.0.0.RC1/spring-boot-starter-test-2.0.0.RC1.jar:/home/jamie/.m2/repository/org/springframework/boot/spring-boot-test/2.0.0.RC1/spring-boot-test-2.0.0.RC1.jar:/home/jamie/.m2/repository/org/springframework/boot/spring-boot-test-autoconfigure/2.0.0.RC1/spring-boot-test-autoconfigure-2.0.0.RC1.jar:/home/jamie/.m2/repository/com/jayway/jsonpath/json-path/2.4.0/json-path-2.4.0.jar:/home/jamie/.m2/repository/net/minidev/json-smart/2.3/json-smart-2.3.jar:/home/jamie/.m2/repository/net/minidev/accessors-smart/1.2/accessors-smart-1.2.jar:/home/jamie/.m2/repository/org/ow2/asm/asm/5.0.4/asm-5.0.4.jar:/home/jamie/.m2/repository/junit/junit/4.12/junit-4.12.jar:/home/jamie/.m2/repository/org/assertj/assertj-core/3.9.0/assertj-core-3.9.0.jar:/home/jamie/.m2/repository/org/mockito/mockito-core/2.13.0/mockito-core-2.13.0.jar:/home/jamie/.m2/repository/net/bytebuddy/byte-buddy/1.7.9/byte-buddy-1.7.9.jar:/home/jamie/.m2/repository/net/bytebuddy/byte-buddy-agent/1.7.9/byte-buddy-agent-1.7.9.jar:/home/jamie/.m2/repository/org/objenesis/objenesis/2.6/objenesis-2.6.jar:/home/jamie/.m2/repository/org/hamcrest/hamcrest-core/1.3/hamcrest-core-1.3.jar:/home/jamie/.m2/repository/org/hamcrest/hamcrest-library/1.3/hamcrest-library-1.3.jar:/home/jamie/.m2/repository/org/skyscreamer/jsonassert/1.5.0/jsonassert-1.5.0.jar:/home/jamie/.m2/repository/com/vaadin/external/google/android-json/0.0.20131108.vaadin1/android-json-0.0.20131108.vaadin1.jar:/home/jamie/.m2/repository/org/springframework/spring-core/5.0.3.RELEASE/spring-core-5.0.3.RELEASE.jar:/home/jamie/.m2/repository/org/springframework/spring-jcl/5.0.3.RELEASE/spring-jcl-5.0.3.RELEASE.jar:/home/jamie/.m2/repository/org/springframework/spring-test/5.0.3.RELEASE/spring-test-5.0.3.RELEASE.jar:/home/jamie/.m2/repository/org/xmlunit/xmlunit-core/2.5.1/xmlunit-core-2.5.1.jar:/home/jamie/.m2/repository/com/fasterxml/jackson/datatype/jackson-datatype-jsr310/2.9.2/jackson-datatype-jsr310-2.9.2.jar:/home/jamie/.m2/repository/com/fasterxml/jackson/core/jackson-annotations/2.9.0/jackson-annotations-2.9.0.jar:/home/jamie/.m2/repository/com/fasterxml/jackson/core/jackson-core/2.9.2/jackson-core-2.9.2.jar:/home/jamie/.m2/repository/com/fasterxml/jackson/core/jackson-databind/2.9.2/jackson-databind-2.9.2.jar:/home/jamie/.m2/repository/mysql/mysql-connector-java/5.1.45/mysql-connector-java-5.1.45.jar:/home/jamie/.m2/repository/org/hsqldb/hsqldb/2.4.0/hsqldb-2.4.0.jar:/home/jamie/.m2/repository/org/slf4j/slf4j-api/1.7.25/slf4j-api-1.7.25.jar:/home/jamie/.m2/repository/info/cukes/cucumber-core/1.2.5/cucumber-core-1.2.5.jar:/home/jamie/.m2/repository/info/cukes/cucumber-html/0.2.3/cucumber-html-0.2.3.jar:/home/jamie/.m2/repository/info/cukes/cucumber-jvm-deps/1.0.5/cucumber-jvm-deps-1.0.5.jar:/home/jamie/.m2/repository/info/cukes/gherkin/2.12.2/gherkin-2.12.2.jar:/home/jamie/.m2/repository/info/cukes/cucumber-java/1.2.5/cucumber-java-1.2.5.jar:/home/jamie/.m2/repository/info/cukes/cucumber-junit/1.2.5/cucumber-junit-1.2.5.jar:/home/jamie/.m2/repository/info/cukes/cucumber-spring/1.2.5/cucumber-spring-1.2.5.jar:/home/jamie/.m2/repository/org/projectlombok/lombok/1.16.16/lombok-1.16.16.jar:/home/jamie/.m2/repository/commons-io/commons-io/1.3.2/commons-io-1.3.2.jar:/home/jamie/.m2/repository/commons-lang/commons-lang/2.6/commons-lang-2.6.jar:/home/jamie/.m2/repository/ma/glasnost/orika/orika-core/1.4.2/orika-core-1.4.2.jar:/home/jamie/.m2/repository/org/javassist/javassist/3.22.0-CR2/javassist-3.22.0-CR2.jar:/home/jamie/.m2/repository/com/thoughtworks/paranamer/paranamer/2.3/paranamer-2.3.jar:/home/jamie/.m2/repository/com/googlecode/concurrentlinkedhashmap/concurrentlinkedhashmap-lru/1.2_jdk5/concurrentlinkedhashmap-lru-1.2_jdk5.jar:/home/jamie/.m2/repository/io/springfox/springfox-swagger2/2.8.0/springfox-swagger2-2.8.0.jar:/home/jamie/.m2/repository/io/swagger/swagger-annotations/1.5.14/swagger-annotations-1.5.14.jar:/home/jamie/.m2/repository/io/swagger/swagger-models/1.5.14/swagger-models-1.5.14.jar:/home/jamie/.m2/repository/io/springfox/springfox-spi/2.8.0/springfox-spi-2.8.0.jar:/home/jamie/.m2/repository/io/springfox/springfox-core/2.8.0/springfox-core-2.8.0.jar:/home/jamie/.m2/repository/io/springfox/springfox-schema/2.8.0/springfox-schema-2.8.0.jar:/home/jamie/.m2/repository/io/springfox/springfox-swagger-common/2.8.0/springfox-swagger-common-2.8.0.jar:/home/jamie/.m2/repository/io/springfox/springfox-spring-web/2.8.0/springfox-spring-web-2.8.0.jar:/home/jamie/.m2/repository/org/reflections/reflections/0.9.11/reflections-0.9.11.jar:/home/jamie/.m2/repository/com/google/guava/guava/20.0/guava-20.0.jar:/home/jamie/.m2/repository/com/fasterxml/classmate/1.3.4/classmate-1.3.4.jar:/home/jamie/.m2/repository/org/springframework/plugin/spring-plugin-core/1.2.0.RELEASE/spring-plugin-core-1.2.0.RELEASE.jar:/home/jamie/.m2/repository/org/springframework/plugin/spring-plugin-metadata/1.2.0.RELEASE/spring-plugin-metadata-1.2.0.RELEASE.jar:/home/jamie/.m2/repository/org/mapstruct/mapstruct/1.2.0.Final/mapstruct-1.2.0.Final.jar:/home/jamie/.m2/repository/io/springfox/springfox-swagger-ui/2.8.0/springfox-swagger-ui-2.8.0.jar:/home/jamie/.m2/repository/io/springfox/springfox-bean-validators/2.8.0/springfox-bean-validators-2.8.0.jar:/home/jamie/.m2/repository/org/mongodb/mongo-java-driver/3.6.1/mongo-java-driver-3.6.1.jar:/home/jamie/.m2/repository/org/mongodb/morphia/morphia/1.2.1/morphia-1.2.1.jar:/home/jamie/.m2/repository/cglib/cglib-nodep/2.2.2/cglib-nodep-2.2.2.jar:/home/jamie/.m2/repository/com/thoughtworks/proxytoys/proxytoys/1.0/proxytoys-1.0.jar:"/>
    <property name="sun.cpu.endian" value="little"/>
    <property name="user.home" value="/home/jamie"/>
    <property name="user.language" value="en"/>
    <property name="java.specification.vendor" value="Oracle Corporation"/>
    <property name="java.home" value="/usr/lib/jvm/java-8-oracle/jre"/>
    <property name="basedir" value="/home/jamie/git/CODE/JAVA/FORM3/form3/interview-task"/>
    <property name="file.separator" value="/"/>
    <property name="line.separator" value="&#10;"/>
    <property name="java.vm.specification.vendor" value="Oracle Corporation"/>
    <property name="java.specification.name" value="Java Platform API Specification"/>
    <property name="java.awt.graphicsenv" value="sun.awt.X11GraphicsEnvironment"/>
    <property name="surefire.real.class.path" value="/home/jamie/git/CODE/JAVA/FORM3/form3/interview-task/target/surefire/surefirebooter2957378859997872616.jar"/>
    <property name="sun.boot.class.path" value="/usr/lib/jvm/java-8-oracle/jre/lib/resources.jar:/usr/lib/jvm/java-8-oracle/jre/lib/rt.jar:/usr/lib/jvm/java-8-oracle/jre/lib/sunrsasign.jar:/usr/lib/jvm/java-8-oracle/jre/lib/jsse.jar:/usr/lib/jvm/java-8-oracle/jre/lib/jce.jar:/usr/lib/jvm/java-8-oracle/jre/lib/charsets.jar:/usr/lib/jvm/java-8-oracle/jre/lib/jfr.jar:/usr/lib/jvm/java-8-oracle/jre/classes"/>
    <property name="sun.management.compiler" value="HotSpot 64-Bit Tiered Compilers"/>
    <property name="java.runtime.version" value="1.8.0_181-b13"/>
    <property name="user.name" value="jamie"/>
    <property name="path.separator" value=":"/>
    <property name="os.version" value="4.15.0-32-generic"/>
    <property name="java.endorsed.dirs" value="/usr/lib/jvm/java-8-oracle/jre/lib/endorsed"/>
    <property name="java.runtime.name" value="Java(TM) SE Runtime Environment"/>
    <property name="file.encoding" value="UTF-8"/>
    <property name="java.vm.name" value="Java HotSpot(TM) 64-Bit Server VM"/>
    <property name="localRepository" value="/home/jamie/.m2/repository"/>
    <property name="java.vendor.url.bug" value="http://bugreport.sun.com/bugreport/"/>
    <property name="java.io.tmpdir" value="/tmp"/>
    <property name="java.version" value="1.8.0_181"/>
    <property name="user.dir" value="/home/jamie/git/CODE/JAVA/FORM3/form3/interview-task"/>
    <property name="os.arch" value="amd64"/>
    <property name="java.vm.specification.name" value="Java Virtual Machine Specification"/>
    <property name="java.awt.printerjob" value="sun.print.PSPrinterJob"/>
    <property name="sun.os.patch.level" value="unknown"/>
    <property name="java.library.path" value="/usr/lib/vmware/lib/libglibmm-2.4.so.1/::/usr/java/packages/lib/amd64:/usr/lib64:/lib64:/lib:/usr/lib"/>
    <property name="java.vm.info" value="mixed mode"/>
    <property name="java.vendor" value="Oracle Corporation"/>
    <property name="java.vm.version" value="25.181-b13"/>
    <property name="java.ext.dirs" value="/usr/lib/jvm/java-8-oracle/jre/lib/ext:/usr/java/packages/lib/ext"/>
    <property name="sun.io.unicode.encoding" value="UnicodeLittle"/>
    <property name="java.class.version" value="52.0"/>
  </properties>
  <testcase name="When a &quot;POST&quot; request is prepared to be sent to &quot;/api/v1/resource&quot;" classname="Scenario: A POST request is sent to create a Resource." time="0"/>
  <testcase name="And the &quot;Content-Type&quot; attribute of the request header is &quot;application/json&quot;" classname="Scenario: A POST request is sent to create a Resource." time="0.001"/>
  <testcase name="And the content is :" classname="Scenario: A POST request is sent to create a Resource." time="0"/>
  <testcase name="And the request is sent" classname="Scenario: A POST request is sent to create a Resource." time="0"/>
  <testcase name="Then the HTTP status code is 201" classname="Scenario: A POST request is sent to create a Resource." time="0"/>
  <testcase name="And the &quot;Content-Type&quot; attribute of the response header is &quot;application/json;charset=UTF-8&quot;" classname="Scenario: A POST request is sent to create a Resource." time="0"/>
  <testcase name="And the message is persisted and returned in full with an ID" classname="Scenario: A POST request is sent to create a Resource." time="0"/>
  <testcase name="Scenario: A POST request is sent to create a Resource." classname="Scenario: A POST request is sent to create a Resource." time="0"/>
  <testcase name="When a &quot;POST&quot; request is prepared to be sent to &quot;/api/v1/resource&quot;" classname="Scenario: A POST request is sent to create a Resource and there is not enough money to pay for the transaction." time="0"/>
  <testcase name="And the &quot;Content-Type&quot; attribute of the request header is &quot;application/json&quot;" classname="Scenario: A POST request is sent to create a Resource and there is not enough money to pay for the transaction." time="0"/>
  <testcase name="And the content is :" classname="Scenario: A POST request is sent to create a Resource and there is not enough money to pay for the transaction." time="0"/>
  <testcase name="And the message is sent and rejected with an error message &quot;Amount left after sender charges has been chanrged cannot be less than zero&quot;" classname="Scenario: A POST request is sent to create a Resource and there is not enough money to pay for the transaction." time="0"/>
  <testcase name="Scenario: A POST request is sent to create a Resource and there is not enough money to pay for the transaction." classname="Scenario: A POST request is sent to create a Resource and there is not enough money to pay for the transaction." time="0.001"/>
  <testcase name="When a &quot;POST&quot; request is prepared to be sent to &quot;/api/v1/resource&quot;" classname="Scenario: A POST request is sent with incorrect value &apos;$.type&apos;" time="0"/>
  <testcase name="And the &quot;Content-Type&quot; attribute of the request header is &quot;application/json&quot;" classname="Scenario: A POST request is sent with incorrect value &apos;$.type&apos;" time="0"/>
  <testcase name="And the content is :" classname="Scenario: A POST request is sent with incorrect value &apos;$.type&apos;" time="0.001"/>
  <testcase name="And the attribute &quot;$.type&quot; is incorrectly set to &quot;ayment&quot;" classname="Scenario: A POST request is sent with incorrect value &apos;$.type&apos;" time="0"/>
  <testcase name="And the request is sent and fails and error message contains &quot;type must be equal &apos;Payment&apos; and not &apos;ayment&apos;&quot;" classname="Scenario: A POST request is sent with incorrect value &apos;$.type&apos;" time="0"/>
  <testcase name="And the attribute &quot;$.type&quot; is not present" classname="Scenario: A POST request is sent with incorrect value &apos;$.type&apos;" time="0"/>
  <testcase name="And the request is sent and fails and the error code is &quot;400&quot;" classname="Scenario: A POST request is sent with incorrect value &apos;$.type&apos;" time="0"/>
  <testcase name="And the request is sent and fails and the error code is &quot;400&quot;" classname="Scenario: A POST request is sent with incorrect value &apos;$.type&apos;" time="0"/>
  <testcase name="And the attribute &quot;$.type&quot; is incorrectly set to &quot;&quot;" classname="Scenario: A POST request is sent with incorrect value &apos;$.type&apos;" time="0"/>
  <testcase name="Scenario: A POST request is sent with incorrect value &apos;$.type&apos;" classname="Scenario: A POST request is sent with incorrect value &apos;$.type&apos;" time="0"/>
  <testcase name="When a &quot;POST&quot; request is prepared to be sent to &quot;/api/v1/resource&quot;" classname="Scenario: A POST request is sent with incorrect value &apos;$.version&apos;" time="0"/>
  <testcase name="And the &quot;Content-Type&quot; attribute of the request header is &quot;application/json&quot;" classname="Scenario: A POST request is sent with incorrect value &apos;$.version&apos;" time="0"/>
  <testcase name="And the content is :" classname="Scenario: A POST request is sent with incorrect value &apos;$.version&apos;" time="0"/>
  <testcase name="And the attribute &quot;$.version&quot; is not present" classname="Scenario: A POST request is sent with incorrect value &apos;$.version&apos;" time="0"/>
  <testcase name="And the request is sent and fails and the error code is &quot;400&quot;" classname="Scenario: A POST request is sent with incorrect value &apos;$.version&apos;" time="0"/>
  <testcase name="And the request is sent and fails and the error code is &quot;400&quot;" classname="Scenario: A POST request is sent with incorrect value &apos;$.version&apos;" time="0"/>
  <testcase name="And the attribute &quot;$.version&quot; is incorrectly set to &quot;&quot;" classname="Scenario: A POST request is sent with incorrect value &apos;$.version&apos;" time="0"/>
  <testcase name="Scenario: A POST request is sent with incorrect value &apos;$.version&apos;" classname="Scenario: A POST request is sent with incorrect value &apos;$.version&apos;" time="0"/>
  <testcase name="When a &quot;POST&quot; request is prepared to be sent to &quot;/api/v1/resource&quot;" classname="Scenario: A POST request is sent with incorrect value &apos;$.organization&apos;" time="0"/>
  <testcase name="And the &quot;Content-Type&quot; attribute of the request header is &quot;application/json&quot;" classname="Scenario: A POST request is sent with incorrect value &apos;$.organization&apos;" time="0"/>
  <testcase name="And the content is :" classname="Scenario: A POST request is sent with incorrect value &apos;$.organization&apos;" time="0"/>
  <testcase name="And the attribute &quot;$.organisation_id&quot; is incorrectly set to &quot;&quot;" classname="Scenario: A POST request is sent with incorrect value &apos;$.organization&apos;" time="0"/>
  <testcase name="And the request is sent and fails and the error code is &quot;400&quot;" classname="Scenario: A POST request is sent with incorrect value &apos;$.organization&apos;" time="0"/>
  <testcase name="And the request is sent and fails and the error code is &quot;400&quot;" classname="Scenario: A POST request is sent with incorrect value &apos;$.organization&apos;" time="0"/>
  <testcase name="And the attribute &quot;$.organisation_id&quot; is not present" classname="Scenario: A POST request is sent with incorrect value &apos;$.organization&apos;" time="0"/>
  <testcase name="Scenario: A POST request is sent with incorrect value &apos;$.organization&apos;" classname="Scenario: A POST request is sent with incorrect value &apos;$.organization&apos;" time="0"/>
  <testcase name="When a &quot;POST&quot; request is prepared to be sent to &quot;/api/v1/resource&quot;" classname="Scenario: A POST request is sent with incorrect value &apos;$.attributes/amount&apos;" time="0"/>
  <testcase name="And the &quot;Content-Type&quot; attribute of the request header is &quot;application/json&quot;" classname="Scenario: A POST request is sent with incorrect value &apos;$.attributes/amount&apos;" time="0"/>
  <testcase name="And the content is :" classname="Scenario: A POST request is sent with incorrect value &apos;$.attributes/amount&apos;" time="0"/>
  <testcase name="And the attribute &quot;$.attributes.amount&quot; is incorrectly set to &quot;1A&quot;" classname="Scenario: A POST request is sent with incorrect value &apos;$.attributes/amount&apos;" time="0"/>
  <testcase name="And the request is sent and fails and the error code is &quot;400&quot;" classname="Scenario: A POST request is sent with incorrect value &apos;$.attributes/amount&apos;" time="0"/>
  <testcase name="And the request is sent and fails and the error code is &quot;400&quot;" classname="Scenario: A POST request is sent with incorrect value &apos;$.attributes/amount&apos;" time="0"/>
  <testcase name="And the request is sent and fails and the error code is &quot;400&quot;" classname="Scenario: A POST request is sent with incorrect value &apos;$.attributes/amount&apos;" time="0"/>
  <testcase name="And the request is sent and fails and the error code is &quot;400&quot;" classname="Scenario: A POST request is sent with incorrect value &apos;$.attributes/amount&apos;" time="0"/>
  <testcase name="And the attribute &quot;$.attributes.amount&quot; is incorrectly set to &quot;-1&quot;" classname="Scenario: A POST request is sent with incorrect value &apos;$.attributes/amount&apos;" time="0"/>
  <testcase name="And the attribute &quot;$.attributes.amount&quot; is not present" classname="Scenario: A POST request is sent with incorrect value &apos;$.attributes/amount&apos;" time="0"/>
  <testcase name="And the attribute &quot;$.attributes.amount&quot; is incorrectly set to &quot;&quot;" classname="Scenario: A POST request is sent with incorrect value &apos;$.attributes/amount&apos;" time="0"/>
  <testcase name="Scenario: A POST request is sent with incorrect value &apos;$.attributes/amount&apos;" classname="Scenario: A POST request is sent with incorrect value &apos;$.attributes/amount&apos;" time="0"/>
  <testcase name="When a &quot;POST&quot; request is prepared to be sent to &quot;/api/v1/resource&quot;" classname="Scenario: A POST request is sent with incorrect value $.attributes.currency, $.attriutes.charges_information.receiver_charges_currency $.attriutes.charges_information.sender_charges.currency" time="0"/>
  <testcase name="And the &quot;Content-Type&quot; attribute of the request header is &quot;application/json&quot;" classname="Scenario: A POST request is sent with incorrect value $.attributes.currency, $.attriutes.charges_information.receiver_charges_currency $.attriutes.charges_information.sender_charges.currency" time="0"/>
  <testcase name="And the content is :" classname="Scenario: A POST request is sent with incorrect value $.attributes.currency, $.attriutes.charges_information.receiver_charges_currency $.attriutes.charges_information.sender_charges.currency" time="0"/>
  <testcase name="And the attribute &quot;$.attributes.currency&quot; is incorrectly set to &quot;US&quot;" classname="Scenario: A POST request is sent with incorrect value $.attributes.currency, $.attriutes.charges_information.receiver_charges_currency $.attriutes.charges_information.sender_charges.currency" time="0"/>
  <testcase name="And the request is sent and fails and the error code is &quot;400&quot;" classname="Scenario: A POST request is sent with incorrect value $.attributes.currency, $.attriutes.charges_information.receiver_charges_currency $.attriutes.charges_information.sender_charges.currency" time="0"/>
  <testcase name="And the request is sent and fails and the error code is &quot;400&quot;" classname="Scenario: A POST request is sent with incorrect value $.attributes.currency, $.attriutes.charges_information.receiver_charges_currency $.attriutes.charges_information.sender_charges.currency" time="0"/>
  <testcase name="And the request is sent and fails and the error code is &quot;400&quot;" classname="Scenario: A POST request is sent with incorrect value $.attributes.currency, $.attriutes.charges_information.receiver_charges_currency $.attriutes.charges_information.sender_charges.currency" time="0"/>
  <testcase name="And the request is sent and fails and the error code is &quot;400&quot;" classname="Scenario: A POST request is sent with incorrect value $.attributes.currency, $.attriutes.charges_information.receiver_charges_currency $.attriutes.charges_information.sender_charges.currency" time="0"/>
  <testcase name="And the request is sent and fails and the error code is &quot;400&quot;" classname="Scenario: A POST request is sent with incorrect value $.attributes.currency, $.attriutes.charges_information.receiver_charges_currency $.attriutes.charges_information.sender_charges.currency" time="0"/>
  <testcase name="And the request is sent and fails and the error code is &quot;400&quot;" classname="Scenario: A POST request is sent with incorrect value $.attributes.currency, $.attriutes.charges_information.receiver_charges_currency $.attriutes.charges_information.sender_charges.currency" time="0"/>
  <testcase name="And the request is sent and fails and the error code is &quot;400&quot;" classname="Scenario: A POST request is sent with incorrect value $.attributes.currency, $.attriutes.charges_information.receiver_charges_currency $.attriutes.charges_information.sender_charges.currency" time="0"/>
  <testcase name="And the request is sent and fails and the error code is &quot;400&quot;" classname="Scenario: A POST request is sent with incorrect value $.attributes.currency, $.attriutes.charges_information.receiver_charges_currency $.attriutes.charges_information.sender_charges.currency" time="0"/>
  <testcase name="And the request is sent and fails and the error code is &quot;400&quot;" classname="Scenario: A POST request is sent with incorrect value $.attributes.currency, $.attriutes.charges_information.receiver_charges_currency $.attriutes.charges_information.sender_charges.currency" time="0"/>
  <testcase name="And the request is sent and fails and the error code is &quot;400&quot;" classname="Scenario: A POST request is sent with incorrect value $.attributes.currency, $.attriutes.charges_information.receiver_charges_currency $.attriutes.charges_information.sender_charges.currency" time="0"/>
  <testcase name="And the request is sent and fails and the error code is &quot;400&quot;" classname="Scenario: A POST request is sent with incorrect value $.attributes.currency, $.attriutes.charges_information.receiver_charges_currency $.attriutes.charges_information.sender_charges.currency" time="0"/>
  <testcase name="And the request is sent and fails and the error code is &quot;400&quot;" classname="Scenario: A POST request is sent with incorrect value $.attributes.currency, $.attriutes.charges_information.receiver_charges_currency $.attriutes.charges_information.sender_charges.currency" time="0"/>
  <testcase name="And the attribute &quot;$.attributes.currency&quot; is not present" classname="Scenario: A POST request is sent with incorrect value $.attributes.currency, $.attriutes.charges_information.receiver_charges_currency $.attriutes.charges_information.sender_charges.currency" time="0"/>
  <testcase name="And the attribute &quot;$.attributes.currency&quot; is incorrectly set to &quot;&quot;" classname="Scenario: A POST request is sent with incorrect value $.attributes.currency, $.attriutes.charges_information.receiver_charges_currency $.attriutes.charges_information.sender_charges.currency" time="0"/>
  <testcase name="And the attribute &quot;$.attributes.currency&quot; is incorrectly set to &quot;EUR&quot;" classname="Scenario: A POST request is sent with incorrect value $.attributes.currency, $.attriutes.charges_information.receiver_charges_currency $.attriutes.charges_information.sender_charges.currency" time="0"/>
  <testcase name="And the request is sent and fails and error message contains &quot;$.attriutes.currency &apos;EUR is not one of the known currencies GBP,USD&quot;" classname="Scenario: A POST request is sent with incorrect value $.attributes.currency, $.attriutes.charges_information.receiver_charges_currency $.attriutes.charges_information.sender_charges.currency" time="0"/>
  <testcase name="And the attribute &quot;$.attributes.charges_information.receiver_charges_currency&quot; is incorrectly set to &quot;US&quot;" classname="Scenario: A POST request is sent with incorrect value $.attributes.currency, $.attriutes.charges_information.receiver_charges_currency $.attriutes.charges_information.sender_charges.currency" time="0"/>
  <testcase name="And the attribute &quot;$.attributes.charges_information.receiver_charges_currency&quot; is not present" classname="Scenario: A POST request is sent with incorrect value $.attributes.currency, $.attriutes.charges_information.receiver_charges_currency $.attriutes.charges_information.sender_charges.currency" time="0"/>
  <testcase name="And the attribute &quot;$.attributes.charges_information.receiver_charges_currency&quot; is incorrectly set to &quot;&quot;" classname="Scenario: A POST request is sent with incorrect value $.attributes.currency, $.attriutes.charges_information.receiver_charges_currency $.attriutes.charges_information.sender_charges.currency" time="0"/>
  <testcase name="And the attribute &quot;$.attributes.charges_information.receiver_charges_currency&quot; is incorrectly set to &quot;EUR&quot;" classname="Scenario: A POST request is sent with incorrect value $.attributes.currency, $.attriutes.charges_information.receiver_charges_currency $.attriutes.charges_information.sender_charges.currency" time="0"/>
  <testcase name="And the request is sent and fails and error message contains &quot;$.attriutes.charges_information.receiver_charges_currencyEUR is not one of the known currencies GBP,USD&quot;" classname="Scenario: A POST request is sent with incorrect value $.attributes.currency, $.attriutes.charges_information.receiver_charges_currency $.attriutes.charges_information.sender_charges.currency" time="0"/>
  <testcase name="And the attribute &quot;$.attributes.charges_information.sender_charges.[0].currency&quot; is incorrectly set to &quot;US&quot;" classname="Scenario: A POST request is sent with incorrect value $.attributes.currency, $.attriutes.charges_information.receiver_charges_currency $.attriutes.charges_information.sender_charges.currency" time="0.001"/>
  <testcase name="And the attribute &quot;$.attributes.charges_information.sender_charges.[0].currency&quot; is not present" classname="Scenario: A POST request is sent with incorrect value $.attributes.currency, $.attriutes.charges_information.receiver_charges_currency $.attriutes.charges_information.sender_charges.currency" time="0"/>
  <testcase name="And the attribute &quot;$.attributes.charges_information.sender_charges.[0].currency&quot; is incorrectly set to &quot;&quot;" classname="Scenario: A POST request is sent with incorrect value $.attributes.currency, $.attriutes.charges_information.receiver_charges_currency $.attriutes.charges_information.sender_charges.currency" time="0"/>
  <testcase name="And the attribute &quot;$.attributes.charges_information.sender_charges.[0].currency&quot; is incorrectly set to &quot;EUR&quot;" classname="Scenario: A POST request is sent with incorrect value $.attributes.currency, $.attriutes.charges_information.receiver_charges_currency $.attriutes.charges_information.sender_charges.currency" time="0"/>
  <testcase name="And the request is sent and fails and error message contains &quot;$.attributes.charges_information.sender_charges.[0].currencyEUR is not one of the known currencies GBP,USD&quot;" classname="Scenario: A POST request is sent with incorrect value $.attributes.currency, $.attriutes.charges_information.receiver_charges_currency $.attriutes.charges_information.sender_charges.currency" time="0"/>
  <testcase name="And the attribute &quot;$.attributes.charges_information.sender_charges.[1].currency&quot; is incorrectly set to &quot;US&quot;" classname="Scenario: A POST request is sent with incorrect value $.attributes.currency, $.attriutes.charges_information.receiver_charges_currency $.attriutes.charges_information.sender_charges.currency" time="0"/>
  <testcase name="And the attribute &quot;$.attributes.charges_information.sender_charges.[1].currency&quot; is not present" classname="Scenario: A POST request is sent with incorrect value $.attributes.currency, $.attriutes.charges_information.receiver_charges_currency $.attriutes.charges_information.sender_charges.currency" time="0"/>
  <testcase name="And the attribute &quot;$.attributes.charges_information.sender_charges.[1].currency&quot; is incorrectly set to &quot;&quot;" classname="Scenario: A POST request is sent with incorrect value $.attributes.currency, $.attriutes.charges_information.receiver_charges_currency $.attriutes.charges_information.sender_charges.currency" time="0"/>
  <testcase name="And the attribute &quot;$.attributes.charges_information.sender_charges.[1].currency&quot; is incorrectly set to &quot;EUR&quot;" classname="Scenario: A POST request is sent with incorrect value $.attributes.currency, $.attriutes.charges_information.receiver_charges_currency $.attriutes.charges_information.sender_charges.currency" time="0"/>
  <testcase name="And the request is sent and fails and error message contains &quot; $.attributes.charges_information.sender_charges.[1].currency&apos;EUR is not one of the known currencies GBP,USD&quot;" classname="Scenario: A POST request is sent with incorrect value $.attributes.currency, $.attriutes.charges_information.receiver_charges_currency $.attriutes.charges_information.sender_charges.currency" time="0"/>
  <testcase name="Scenario: A POST request is sent with incorrect value $.attributes.currency, $.attriutes.charges_information.receiver_charges_currency $.attriutes.charges_information.sender_charges.currency" classname="Scenario: A POST request is sent with incorrect value $.attributes.currency, $.attriutes.charges_information.receiver_charges_currency $.attriutes.charges_information.sender_charges.currency" time="0"/>
  <testcase name="When a &quot;POST&quot; request is prepared to be sent to &quot;/api/v1/resource&quot;" classname="Scenario: A POST request is sent with incorrect value $.attributes.end_to_end_reference" time="0"/>
  <testcase name="And the &quot;Content-Type&quot; attribute of the request header is &quot;application/json&quot;" classname="Scenario: A POST request is sent with incorrect value $.attributes.end_to_end_reference" time="0"/>
  <testcase name="And the content is :" classname="Scenario: A POST request is sent with incorrect value $.attributes.end_to_end_reference" time="0"/>
  <testcase name="And the attribute &quot;$.attributes.end_to_end_reference&quot; is not present" classname="Scenario: A POST request is sent with incorrect value $.attributes.end_to_end_reference" time="0"/>
  <testcase name="And the request is sent and fails and the error code is &quot;400&quot;" classname="Scenario: A POST request is sent with incorrect value $.attributes.end_to_end_reference" time="0"/>
  <testcase name="And the request is sent and fails and the error code is &quot;400&quot;" classname="Scenario: A POST request is sent with incorrect value $.attributes.end_to_end_reference" time="0"/>
  <testcase name="And the attribute &quot;$.attributes.end_to_end_reference&quot; is incorrectly set to &quot;&quot;" classname="Scenario: A POST request is sent with incorrect value $.attributes.end_to_end_reference" time="0"/>
  <testcase name="Scenario: A POST request is sent with incorrect value $.attributes.end_to_end_reference" classname="Scenario: A POST request is sent with incorrect value $.attributes.end_to_end_reference" time="0.001"/>
  <testcase name="When a &quot;POST&quot; request is prepared to be sent to &quot;/api/v1/resource&quot;" classname="Scenario: A POST request is sent with incorrect value $.attributes.numeric_reference" time="0"/>
  <testcase name="And the &quot;Content-Type&quot; attribute of the request header is &quot;application/json&quot;" classname="Scenario: A POST request is sent with incorrect value $.attributes.numeric_reference" time="0"/>
  <testcase name="And the content is :" classname="Scenario: A POST request is sent with incorrect value $.attributes.numeric_reference" time="0"/>
  <testcase name="And the attribute &quot;$.attributes.numeric_reference&quot; is not present" classname="Scenario: A POST request is sent with incorrect value $.attributes.numeric_reference" time="0"/>
  <testcase name="And the request is sent and fails and the error code is &quot;400&quot;" classname="Scenario: A POST request is sent with incorrect value $.attributes.numeric_reference" time="0"/>
  <testcase name="And the request is sent and fails and the error code is &quot;400&quot;" classname="Scenario: A POST request is sent with incorrect value $.attributes.numeric_reference" time="0"/>
  <testcase name="And the attribute &quot;$.attributes.numeric_reference&quot; is incorrectly set to &quot;&quot;" classname="Scenario: A POST request is sent with incorrect value $.attributes.numeric_reference" time="0"/>
  <testcase name="And the attribute &quot;$.attributes.numeric_reference&quot; is incorrectly set to &quot;123ABC&quot;" classname="Scenario: A POST request is sent with incorrect value $.attributes.numeric_reference" time="0"/>
  <testcase name="And the request is sent and fails and error message contains &quot;$.attributes.numeric_reference must be a number and not &apos;123ABC&apos;&quot;" classname="Scenario: A POST request is sent with incorrect value $.attributes.numeric_reference" time="0"/>
  <testcase name="Scenario: A POST request is sent with incorrect value $.attributes.numeric_reference" classname="Scenario: A POST request is sent with incorrect value $.attributes.numeric_reference" time="0.001"/>
  <testcase name="When a &quot;POST&quot; request is prepared to be sent to &quot;/api/v1/resource&quot;" classname="Scenario: A POST request is sent with incorrect value $.payment_id" time="0"/>
  <testcase name="And the &quot;Content-Type&quot; attribute of the request header is &quot;application/json&quot;" classname="Scenario: A POST request is sent with incorrect value $.payment_id" time="0"/>
  <testcase name="And the content is :" classname="Scenario: A POST request is sent with incorrect value $.payment_id" time="0.001"/>
  <testcase name="And the attribute &quot;$.attributes.payment_id&quot; is not present" classname="Scenario: A POST request is sent with incorrect value $.payment_id" time="0"/>
  <testcase name="And the request is sent and fails and the error code is &quot;400&quot;" classname="Scenario: A POST request is sent with incorrect value $.payment_id" time="0"/>
  <testcase name="And the request is sent and fails and the error code is &quot;400&quot;" classname="Scenario: A POST request is sent with incorrect value $.payment_id" time="0"/>
  <testcase name="And the attribute &quot;$.attributes.payment_id&quot; is incorrectly set to &quot;&quot;" classname="Scenario: A POST request is sent with incorrect value $.payment_id" time="0"/>
  <testcase name="Scenario: A POST request is sent with incorrect value $.payment_id" classname="Scenario: A POST request is sent with incorrect value $.payment_id" time="0"/>
  <testcase name="When a &quot;POST&quot; request is prepared to be sent to &quot;/api/v1/resource&quot;" classname="Scenario: A POST request is sent with incorrect value $.payment_purpose" time="0"/>
  <testcase name="And the &quot;Content-Type&quot; attribute of the request header is &quot;application/json&quot;" classname="Scenario: A POST request is sent with incorrect value $.payment_purpose" time="0"/>
  <testcase name="And the content is :" classname="Scenario: A POST request is sent with incorrect value $.payment_purpose" time="0"/>
  <testcase name="And the attribute &quot;$.attributes.payment_purpose&quot; is not present" classname="Scenario: A POST request is sent with incorrect value $.payment_purpose" time="0"/>
  <testcase name="And the request is sent and fails and the error code is &quot;400&quot;" classname="Scenario: A POST request is sent with incorrect value $.payment_purpose" time="0"/>
  <testcase name="And the request is sent and fails and the error code is &quot;400&quot;" classname="Scenario: A POST request is sent with incorrect value $.payment_purpose" time="0"/>
  <testcase name="And the attribute &quot;$.attributes.payment_purpose&quot; is incorrectly set to &quot;&quot;" classname="Scenario: A POST request is sent with incorrect value $.payment_purpose" time="0"/>
  <testcase name="Scenario: A POST request is sent with incorrect value $.payment_purpose" classname="Scenario: A POST request is sent with incorrect value $.payment_purpose" time="0"/>
  <testcase name="When a &quot;POST&quot; request is prepared to be sent to &quot;/api/v1/resource&quot;" classname="Scenario: A POST request is sent with incorrect value $attributes.payment_scheme" time="0"/>
  <testcase name="And the &quot;Content-Type&quot; attribute of the request header is &quot;application/json&quot;" classname="Scenario: A POST request is sent with incorrect value $attributes.payment_scheme" time="0"/>
  <testcase name="And the content is :" classname="Scenario: A POST request is sent with incorrect value $attributes.payment_scheme" time="0"/>
  <testcase name="And the attribute &quot;$.attributes.payment_scheme&quot; is not present" classname="Scenario: A POST request is sent with incorrect value $attributes.payment_scheme" time="0"/>
  <testcase name="And the request is sent and fails and the error code is &quot;400&quot;" classname="Scenario: A POST request is sent with incorrect value $attributes.payment_scheme" time="0"/>
  <testcase name="And the request is sent and fails and the error code is &quot;400&quot;" classname="Scenario: A POST request is sent with incorrect value $attributes.payment_scheme" time="0"/>
  <testcase name="And the attribute &quot;$.attributes.payment_scheme&quot; is incorrectly set to &quot;&quot;" classname="Scenario: A POST request is sent with incorrect value $attributes.payment_scheme" time="0"/>
  <testcase name="And the attribute &quot;$.attributes.payment_scheme&quot; is incorrectly set to &quot;XYZ&quot;" classname="Scenario: A POST request is sent with incorrect value $attributes.payment_scheme" time="0"/>
  <testcase name="And the request is sent and fails and error message contains &quot;$.attriutes.payment_schemes&apos;XYZ is not one of the known payment schemes FPS&quot;" classname="Scenario: A POST request is sent with incorrect value $attributes.payment_scheme" time="0"/>
  <testcase name="Scenario: A POST request is sent with incorrect value $attributes.payment_scheme" classname="Scenario: A POST request is sent with incorrect value $attributes.payment_scheme" time="0"/>
  <testcase name="When a &quot;POST&quot; request is prepared to be sent to &quot;/api/v1/resource&quot;" classname="Scenario: A POST request is sent with incorrect value $attributes.payment_type" time="0"/>
  <testcase name="And the &quot;Content-Type&quot; attribute of the request header is &quot;application/json&quot;" classname="Scenario: A POST request is sent with incorrect value $attributes.payment_type" time="0"/>
  <testcase name="And the content is :" classname="Scenario: A POST request is sent with incorrect value $attributes.payment_type" time="0"/>
  <testcase name="And the attribute &quot;$.attributes.payment_type&quot; is not present" classname="Scenario: A POST request is sent with incorrect value $attributes.payment_type" time="0"/>
  <testcase name="And the request is sent and fails and the error code is &quot;400&quot;" classname="Scenario: A POST request is sent with incorrect value $attributes.payment_type" time="0"/>
  <testcase name="And the request is sent and fails and the error code is &quot;400&quot;" classname="Scenario: A POST request is sent with incorrect value $attributes.payment_type" time="0"/>
  <testcase name="And the attribute &quot;$.attributes.payment_type&quot; is incorrectly set to &quot;&quot;" classname="Scenario: A POST request is sent with incorrect value $attributes.payment_type" time="0"/>
  <testcase name="And the attribute &quot;$.attributes.payment_type&quot; is incorrectly set to &quot;XYZ&quot;" classname="Scenario: A POST request is sent with incorrect value $attributes.payment_type" time="0"/>
  <testcase name="And the request is sent and fails and error message contains &quot;$.attriutes.payment_type&apos;XYZ is not one of the known payment schemes Credit&quot;" classname="Scenario: A POST request is sent with incorrect value $attributes.payment_type" time="0"/>
  <testcase name="Scenario: A POST request is sent with incorrect value $attributes.payment_type" classname="Scenario: A POST request is sent with incorrect value $attributes.payment_type" time="0"/>
  <testcase name="When a &quot;POST&quot; request is prepared to be sent to &quot;/api/v1/resource&quot;" classname="Scenario: A POST request is sent with incorrect value $attributes.processing_date" time="0"/>
  <testcase name="And the &quot;Content-Type&quot; attribute of the request header is &quot;application/json&quot;" classname="Scenario: A POST request is sent with incorrect value $attributes.processing_date" time="0"/>
  <testcase name="And the content is :" classname="Scenario: A POST request is sent with incorrect value $attributes.processing_date" time="0"/>
  <testcase name="And the attribute &quot;$.attributes.processing_date&quot; is not present" classname="Scenario: A POST request is sent with incorrect value $attributes.processing_date" time="0"/>
  <testcase name="And the request is sent and fails and the error code is &quot;400&quot;" classname="Scenario: A POST request is sent with incorrect value $attributes.processing_date" time="0"/>
  <testcase name="And the request is sent and fails and the error code is &quot;400&quot;" classname="Scenario: A POST request is sent with incorrect value $attributes.processing_date" time="0"/>
  <testcase name="And the request is sent and fails and the error code is &quot;400&quot;" classname="Scenario: A POST request is sent with incorrect value $attributes.processing_date" time="0"/>
  <testcase name="And the attribute &quot;$.attributes.processing_date&quot; is incorrectly set to &quot;&quot;" classname="Scenario: A POST request is sent with incorrect value $attributes.processing_date" time="0"/>
  <testcase name="And the attribute &quot;$.attributes.processing_date&quot; is incorrectly set to &quot;2118-01-01&quot;" classname="Scenario: A POST request is sent with incorrect value $attributes.processing_date" time="0"/>
  <testcase name="Scenario: A POST request is sent with incorrect value $attributes.processing_date" classname="Scenario: A POST request is sent with incorrect value $attributes.processing_date" time="0"/>
  <testcase name="When a &quot;POST&quot; request is prepared to be sent to &quot;/api/v1/resource&quot;" classname="Scenario: A POST request is sent with incorrect value $attributes.reference" time="0"/>
  <testcase name="And the &quot;Content-Type&quot; attribute of the request header is &quot;application/json&quot;" classname="Scenario: A POST request is sent with incorrect value $attributes.reference" time="0"/>
  <testcase name="And the content is :" classname="Scenario: A POST request is sent with incorrect value $attributes.reference" time="0"/>
  <testcase name="And the attribute &quot;$.attributes.reference&quot; is not present" classname="Scenario: A POST request is sent with incorrect value $attributes.reference" time="0"/>
  <testcase name="And the request is sent and fails and the error code is &quot;400&quot;" classname="Scenario: A POST request is sent with incorrect value $attributes.reference" time="0"/>
  <testcase name="And the request is sent and fails and the error code is &quot;400&quot;" classname="Scenario: A POST request is sent with incorrect value $attributes.reference" time="0"/>
  <testcase name="And the attribute &quot;$.attributes.reference&quot; is incorrectly set to &quot;&quot;" classname="Scenario: A POST request is sent with incorrect value $attributes.reference" time="0"/>
  <testcase name="Scenario: A POST request is sent with incorrect value $attributes.reference" classname="Scenario: A POST request is sent with incorrect value $attributes.reference" time="0"/>
  <testcase name="When a &quot;POST&quot; request is prepared to be sent to &quot;/api/v1/resource&quot;" classname="Scenario: A POST request is sent with incorrect value $attributes.scheme_payment_sub_type" time="0"/>
  <testcase name="And the &quot;Content-Type&quot; attribute of the request header is &quot;application/json&quot;" classname="Scenario: A POST request is sent with incorrect value $attributes.scheme_payment_sub_type" time="0"/>
  <testcase name="And the content is :" classname="Scenario: A POST request is sent with incorrect value $attributes.scheme_payment_sub_type" time="0"/>
  <testcase name="And the attribute &quot;$.attributes.scheme_payment_sub_type&quot; is not present" classname="Scenario: A POST request is sent with incorrect value $attributes.scheme_payment_sub_type" time="0.001"/>
  <testcase name="And the request is sent and fails and the error code is &quot;400&quot;" classname="Scenario: A POST request is sent with incorrect value $attributes.scheme_payment_sub_type" time="0"/>
  <testcase name="And the request is sent and fails and the error code is &quot;400&quot;" classname="Scenario: A POST request is sent with incorrect value $attributes.scheme_payment_sub_type" time="0"/>
  <testcase name="And the attribute &quot;$.attributes.scheme_payment_sub_type&quot; is incorrectly set to &quot;&quot;" classname="Scenario: A POST request is sent with incorrect value $attributes.scheme_payment_sub_type" time="0"/>
  <testcase name="And the attribute &quot;$.attributes.scheme_payment_sub_type&quot; is incorrectly set to &quot;XYZ&quot;" classname="Scenario: A POST request is sent with incorrect value $attributes.scheme_payment_sub_type" time="0"/>
  <testcase name="And the request is sent and fails and error message contains &quot;$.attriutes.scheme_payment_sub_type&apos;XYZ is not one of the known scheme payment sub types InternetBanking&quot;" classname="Scenario: A POST request is sent with incorrect value $attributes.scheme_payment_sub_type" time="0"/>
  <testcase name="Scenario: A POST request is sent with incorrect value $attributes.scheme_payment_sub_type" classname="Scenario: A POST request is sent with incorrect value $attributes.scheme_payment_sub_type" time="0"/>
  <testcase name="When a &quot;POST&quot; request is prepared to be sent to &quot;/api/v1/resource&quot;" classname="Scenario: A POST request is sent with incorrect value $attributes.scheme_payment_type" time="0"/>
  <testcase name="And the &quot;Content-Type&quot; attribute of the request header is &quot;application/json&quot;" classname="Scenario: A POST request is sent with incorrect value $attributes.scheme_payment_type" time="0"/>
  <testcase name="And the content is :" classname="Scenario: A POST request is sent with incorrect value $attributes.scheme_payment_type" time="0"/>
  <testcase name="And the attribute &quot;$.attributes.scheme_payment_type&quot; is not present" classname="Scenario: A POST request is sent with incorrect value $attributes.scheme_payment_type" time="0"/>
  <testcase name="And the request is sent and fails and the error code is &quot;400&quot;" classname="Scenario: A POST request is sent with incorrect value $attributes.scheme_payment_type" time="0"/>
  <testcase name="And the request is sent and fails and the error code is &quot;400&quot;" classname="Scenario: A POST request is sent with incorrect value $attributes.scheme_payment_type" time="0"/>
  <testcase name="And the attribute &quot;$.attributes.scheme_payment_type&quot; is incorrectly set to &quot;&quot;" classname="Scenario: A POST request is sent with incorrect value $attributes.scheme_payment_type" time="0"/>
  <testcase name="And the attribute &quot;$.attributes.scheme_payment_type&quot; is incorrectly set to &quot;XYZ&quot;" classname="Scenario: A POST request is sent with incorrect value $attributes.scheme_payment_type" time="0"/>
  <testcase name="And the request is sent and fails and error message contains &quot;$.attriutes.scheme_payment_type&apos;XYZ is not one of the known scheme payment types ImmediatePayment&quot;" classname="Scenario: A POST request is sent with incorrect value $attributes.scheme_payment_type" time="0"/>
  <testcase name="Scenario: A POST request is sent with incorrect value $attributes.scheme_payment_type" classname="Scenario: A POST request is sent with incorrect value $attributes.scheme_payment_type" time="0"/>
  <testcase name="When a &quot;POST&quot; request is prepared to be sent to &quot;/api/v1/resource&quot;" classname="Scenario: A POST request is sent with incorrect value $.attributes.beneficiary_party.account_name" time="0"/>
  <testcase name="And the &quot;Content-Type&quot; attribute of the request header is &quot;application/json&quot;" classname="Scenario: A POST request is sent with incorrect value $.attributes.beneficiary_party.account_name" time="0"/>
  <testcase name="And the content is :" classname="Scenario: A POST request is sent with incorrect value $.attributes.beneficiary_party.account_name" time="0"/>
  <testcase name="And the attribute &quot;$.attributes.beneficiary_party.account_name&quot; is not present" classname="Scenario: A POST request is sent with incorrect value $.attributes.beneficiary_party.account_name" time="0"/>
  <testcase name="And the request is sent and fails and the error code is &quot;400&quot;" classname="Scenario: A POST request is sent with incorrect value $.attributes.beneficiary_party.account_name" time="0"/>
  <testcase name="And the request is sent and fails and the error code is &quot;400&quot;" classname="Scenario: A POST request is sent with incorrect value $.attributes.beneficiary_party.account_name" time="0"/>
  <testcase name="And the attribute &quot;$.attributes.beneficiary_party.account_name&quot; is incorrectly set to &quot;&quot;" classname="Scenario: A POST request is sent with incorrect value $.attributes.beneficiary_party.account_name" time="0.001"/>
  <testcase name="Scenario: A POST request is sent with incorrect value $.attributes.beneficiary_party.account_name" classname="Scenario: A POST request is sent with incorrect value $.attributes.beneficiary_party.account_name" time="0"/>
  <testcase name="When a &quot;POST&quot; request is prepared to be sent to &quot;/api/v1/resource&quot;" classname="Scenario: A POST request is sent with incorrect value $.attributes.beneficiary_party.account_number" time="0"/>
  <testcase name="And the &quot;Content-Type&quot; attribute of the request header is &quot;application/json&quot;" classname="Scenario: A POST request is sent with incorrect value $.attributes.beneficiary_party.account_number" time="0"/>
  <testcase name="And the content is :" classname="Scenario: A POST request is sent with incorrect value $.attributes.beneficiary_party.account_number" time="0"/>
  <testcase name="And the attribute &quot;$.attributes.beneficiary_party.account_name&quot; is not present" classname="Scenario: A POST request is sent with incorrect value $.attributes.beneficiary_party.account_number" time="0"/>
  <testcase name="And the request is sent and fails and the error code is &quot;400&quot;" classname="Scenario: A POST request is sent with incorrect value $.attributes.beneficiary_party.account_number" time="0"/>
  <testcase name="And the request is sent and fails and the error code is &quot;400&quot;" classname="Scenario: A POST request is sent with incorrect value $.attributes.beneficiary_party.account_number" time="0"/>
  <testcase name="And the attribute &quot;$.attributes.beneficiary_party.account_name&quot; is incorrectly set to &quot;&quot;" classname="Scenario: A POST request is sent with incorrect value $.attributes.beneficiary_party.account_number" time="0"/>
  <testcase name="Scenario: A POST request is sent with incorrect value $.attributes.beneficiary_party.account_number" classname="Scenario: A POST request is sent with incorrect value $.attributes.beneficiary_party.account_number" time="0"/>
  <testcase name="When a &quot;POST&quot; request is prepared to be sent to &quot;/api/v1/resource&quot;" classname="Scenario: A POST request is sent with incorrect value $.attributes.beneficiary_party.account_number_code" time="0"/>
  <testcase name="And the &quot;Content-Type&quot; attribute of the request header is &quot;application/json&quot;" classname="Scenario: A POST request is sent with incorrect value $.attributes.beneficiary_party.account_number_code" time="0"/>
  <testcase name="And the content is :" classname="Scenario: A POST request is sent with incorrect value $.attributes.beneficiary_party.account_number_code" time="0"/>
  <testcase name="And the attribute &quot;$.attributes.beneficiary_party.account_number_code&quot; is not present" classname="Scenario: A POST request is sent with incorrect value $.attributes.beneficiary_party.account_number_code" time="0"/>
  <testcase name="And the request is sent and fails and the error code is &quot;400&quot;" classname="Scenario: A POST request is sent with incorrect value $.attributes.beneficiary_party.account_number_code" time="0"/>
  <testcase name="And the request is sent and fails and the error code is &quot;400&quot;" classname="Scenario: A POST request is sent with incorrect value $.attributes.beneficiary_party.account_number_code" time="0"/>
  <testcase name="And the attribute &quot;$.attributes.beneficiary_party.account_number_code&quot; is incorrectly set to &quot;&quot;" classname="Scenario: A POST request is sent with incorrect value $.attributes.beneficiary_party.account_number_code" time="0"/>
  <testcase name="And the attribute &quot;$.attributes.beneficiary_party.account_number_code&quot; is incorrectly set to &quot;XYZ&quot;" classname="Scenario: A POST request is sent with incorrect value $.attributes.beneficiary_party.account_number_code" time="0"/>
  <testcase name="And the request is sent and fails and error message contains &quot;$.attriutes.beneficiary_party.account_number_code&apos;XYZ is not one of the known scheme payment types BBAN,IBAN&quot;" classname="Scenario: A POST request is sent with incorrect value $.attributes.beneficiary_party.account_number_code" time="0"/>
  <testcase name="Scenario: A POST request is sent with incorrect value $.attributes.beneficiary_party.account_number_code" classname="Scenario: A POST request is sent with incorrect value $.attributes.beneficiary_party.account_number_code" time="0"/>
  <testcase name="When a &quot;POST&quot; request is prepared to be sent to &quot;/api/v1/resource&quot;" classname="Scenario: A POST request is sent with incorrect value $.attributes.beneficiary_party.account_type" time="0"/>
  <testcase name="And the &quot;Content-Type&quot; attribute of the request header is &quot;application/json&quot;" classname="Scenario: A POST request is sent with incorrect value $.attributes.beneficiary_party.account_type" time="0"/>
  <testcase name="And the content is :" classname="Scenario: A POST request is sent with incorrect value $.attributes.beneficiary_party.account_type" time="0"/>
  <testcase name="And the attribute &quot;$.attributes.beneficiary_party.account_type&quot; is not present" classname="Scenario: A POST request is sent with incorrect value $.attributes.beneficiary_party.account_type" time="0"/>
  <testcase name="And the request is sent and fails and the error code is &quot;400&quot;" classname="Scenario: A POST request is sent with incorrect value $.attributes.beneficiary_party.account_type" time="0"/>
  <testcase name="And the request is sent and fails and the error code is &quot;400&quot;" classname="Scenario: A POST request is sent with incorrect value $.attributes.beneficiary_party.account_type" time="0"/>
  <testcase name="And the attribute &quot;$.attributes.beneficiary_party.account_type&quot; is incorrectly set to &quot;-1&quot;" classname="Scenario: A POST request is sent with incorrect value $.attributes.beneficiary_party.account_type" time="0"/>
  <testcase name="Scenario: A POST request is sent with incorrect value $.attributes.beneficiary_party.account_type" classname="Scenario: A POST request is sent with incorrect value $.attributes.beneficiary_party.account_type" time="0"/>
  <testcase name="When a &quot;POST&quot; request is prepared to be sent to &quot;/api/v1/resource&quot;" classname="Scenario: A POST request is sent with incorrect value $.attributes.beneficiary_party.address" time="0"/>
  <testcase name="And the &quot;Content-Type&quot; attribute of the request header is &quot;application/json&quot;" classname="Scenario: A POST request is sent with incorrect value $.attributes.beneficiary_party.address" time="0"/>
  <testcase name="And the content is :" classname="Scenario: A POST request is sent with incorrect value $.attributes.beneficiary_party.address" time="0"/>
  <testcase name="And the attribute &quot;$.attributes.beneficiary_party.address&quot; is not present" classname="Scenario: A POST request is sent with incorrect value $.attributes.beneficiary_party.address" time="0"/>
  <testcase name="And the request is sent and fails and the error code is &quot;400&quot;" classname="Scenario: A POST request is sent with incorrect value $.attributes.beneficiary_party.address" time="0"/>
  <testcase name="And the request is sent and fails and the error code is &quot;400&quot;" classname="Scenario: A POST request is sent with incorrect value $.attributes.beneficiary_party.address" time="0"/>
  <testcase name="And the attribute &quot;$.attributes.beneficiary_party.address&quot; is incorrectly set to &quot;&quot;" classname="Scenario: A POST request is sent with incorrect value $.attributes.beneficiary_party.address" time="0"/>
  <testcase name="Scenario: A POST request is sent with incorrect value $.attributes.beneficiary_party.address" classname="Scenario: A POST request is sent with incorrect value $.attributes.beneficiary_party.address" time="0"/>
  <testcase name="When a &quot;POST&quot; request is prepared to be sent to &quot;/api/v1/resource&quot;" classname="Scenario: A POST request is sent with incorrect value $.attributes.beneficiary_party.name" time="0"/>
  <testcase name="And the &quot;Content-Type&quot; attribute of the request header is &quot;application/json&quot;" classname="Scenario: A POST request is sent with incorrect value $.attributes.beneficiary_party.name" time="0"/>
  <testcase name="And the content is :" classname="Scenario: A POST request is sent with incorrect value $.attributes.beneficiary_party.name" time="0"/>
  <testcase name="And the attribute &quot;$.attributes.beneficiary_party.name&quot; is not present" classname="Scenario: A POST request is sent with incorrect value $.attributes.beneficiary_party.name" time="0"/>
  <testcase name="And the request is sent and fails and the error code is &quot;400&quot;" classname="Scenario: A POST request is sent with incorrect value $.attributes.beneficiary_party.name" time="0"/>
  <testcase name="And the request is sent and fails and the error code is &quot;400&quot;" classname="Scenario: A POST request is sent with incorrect value $.attributes.beneficiary_party.name" time="0"/>
  <testcase name="And the attribute &quot;$.attributes.beneficiary_party.name&quot; is incorrectly set to &quot;&quot;" classname="Scenario: A POST request is sent with incorrect value $.attributes.beneficiary_party.name" time="0"/>
  <testcase name="Scenario: A POST request is sent with incorrect value $.attributes.beneficiary_party.name" classname="Scenario: A POST request is sent with incorrect value $.attributes.beneficiary_party.name" time="0"/>
  <testcase name="When a &quot;POST&quot; request is prepared to be sent to &quot;/api/v1/resource&quot;" classname="Scenario: A POST request is sent with incorrect value $.attributes.beneficiary_party.bank_id" time="0"/>
  <testcase name="And the &quot;Content-Type&quot; attribute of the request header is &quot;application/json&quot;" classname="Scenario: A POST request is sent with incorrect value $.attributes.beneficiary_party.bank_id" time="0"/>
  <testcase name="And the content is :" classname="Scenario: A POST request is sent with incorrect value $.attributes.beneficiary_party.bank_id" time="0"/>
  <testcase name="And the attribute &quot;$.attributes.beneficiary_party.bank_id&quot; is not present" classname="Scenario: A POST request is sent with incorrect value $.attributes.beneficiary_party.bank_id" time="0"/>
  <testcase name="And the request is sent and fails and the error code is &quot;400&quot;" classname="Scenario: A POST request is sent with incorrect value $.attributes.beneficiary_party.bank_id" time="0"/>
  <testcase name="And the request is sent and fails and the error code is &quot;400&quot;" classname="Scenario: A POST request is sent with incorrect value $.attributes.beneficiary_party.bank_id" time="0.001"/>
  <testcase name="And the attribute &quot;$.attributes.beneficiary_party.bank_id&quot; is incorrectly set to &quot;&quot;" classname="Scenario: A POST request is sent with incorrect value $.attributes.beneficiary_party.bank_id" time="0"/>
  <testcase name="Scenario: A POST request is sent with incorrect value $.attributes.beneficiary_party.bank_id" classname="Scenario: A POST request is sent with incorrect value $.attributes.beneficiary_party.bank_id" time="0.001"/>
  <testcase name="When a &quot;POST&quot; request is prepared to be sent to &quot;/api/v1/resource&quot;" classname="Scenario: A POST request is sent with incorrect value $.attributes.beneficiary_party.bank_id_code" time="0"/>
  <testcase name="And the &quot;Content-Type&quot; attribute of the request header is &quot;application/json&quot;" classname="Scenario: A POST request is sent with incorrect value $.attributes.beneficiary_party.bank_id_code" time="0"/>
  <testcase name="And the content is :" classname="Scenario: A POST request is sent with incorrect value $.attributes.beneficiary_party.bank_id_code" time="0"/>
  <testcase name="And the attribute &quot;$.attributes.beneficiary_party.bank_id_code&quot; is not present" classname="Scenario: A POST request is sent with incorrect value $.attributes.beneficiary_party.bank_id_code" time="0"/>
  <testcase name="And the request is sent and fails and the error code is &quot;400&quot;" classname="Scenario: A POST request is sent with incorrect value $.attributes.beneficiary_party.bank_id_code" time="0"/>
  <testcase name="And the request is sent and fails and the error code is &quot;400&quot;" classname="Scenario: A POST request is sent with incorrect value $.attributes.beneficiary_party.bank_id_code" time="0"/>
  <testcase name="And the attribute &quot;$.attributes.beneficiary_party.bank_id_code&quot; is incorrectly set to &quot;&quot;" classname="Scenario: A POST request is sent with incorrect value $.attributes.beneficiary_party.bank_id_code" time="0"/>
  <testcase name="Scenario: A POST request is sent with incorrect value $.attributes.beneficiary_party.bank_id_code" classname="Scenario: A POST request is sent with incorrect value $.attributes.beneficiary_party.bank_id_code" time="0"/>
  <testcase name="When a &quot;POST&quot; request is prepared to be sent to &quot;/api/v1/resource&quot;" classname="Scenario: A POST request is sent with incorrect value $.attributes.debtor_party.account_name" time="0"/>
  <testcase name="And the &quot;Content-Type&quot; attribute of the request header is &quot;application/json&quot;" classname="Scenario: A POST request is sent with incorrect value $.attributes.debtor_party.account_name" time="0"/>
  <testcase name="And the content is :" classname="Scenario: A POST request is sent with incorrect value $.attributes.debtor_party.account_name" time="0.001"/>
  <testcase name="And the attribute &quot;$.attributes.debtor_party.account_name&quot; is not present" classname="Scenario: A POST request is sent with incorrect value $.attributes.debtor_party.account_name" time="0"/>
  <testcase name="And the request is sent and fails and the error code is &quot;400&quot;" classname="Scenario: A POST request is sent with incorrect value $.attributes.debtor_party.account_name" time="0"/>
  <testcase name="And the request is sent and fails and the error code is &quot;400&quot;" classname="Scenario: A POST request is sent with incorrect value $.attributes.debtor_party.account_name" time="0"/>
  <testcase name="And the attribute &quot;$.attributes.debtor_party.account_name&quot; is incorrectly set to &quot;&quot;" classname="Scenario: A POST request is sent with incorrect value $.attributes.debtor_party.account_name" time="0"/>
  <testcase name="Scenario: A POST request is sent with incorrect value $.attributes.debtor_party.account_name" classname="Scenario: A POST request is sent with incorrect value $.attributes.debtor_party.account_name" time="0"/>
  <testcase name="When a &quot;POST&quot; request is prepared to be sent to &quot;/api/v1/resource&quot;" classname="Scenario: A POST request is sent with incorrect value $.attributes.debtor_party.account_number" time="0"/>
  <testcase name="And the &quot;Content-Type&quot; attribute of the request header is &quot;application/json&quot;" classname="Scenario: A POST request is sent with incorrect value $.attributes.debtor_party.account_number" time="0"/>
  <testcase name="And the content is :" classname="Scenario: A POST request is sent with incorrect value $.attributes.debtor_party.account_number" time="0"/>
  <testcase name="And the attribute &quot;$.attributes.debtor_party.account_name&quot; is not present" classname="Scenario: A POST request is sent with incorrect value $.attributes.debtor_party.account_number" time="0"/>
  <testcase name="And the request is sent and fails and the error code is &quot;400&quot;" classname="Scenario: A POST request is sent with incorrect value $.attributes.debtor_party.account_number" time="0"/>
  <testcase name="And the request is sent and fails and the error code is &quot;400&quot;" classname="Scenario: A POST request is sent with incorrect value $.attributes.debtor_party.account_number" time="0"/>
  <testcase name="And the attribute &quot;$.attributes.debtor_party.account_name&quot; is incorrectly set to &quot;&quot;" classname="Scenario: A POST request is sent with incorrect value $.attributes.debtor_party.account_number" time="0"/>
  <testcase name="Scenario: A POST request is sent with incorrect value $.attributes.debtor_party.account_number" classname="Scenario: A POST request is sent with incorrect value $.attributes.debtor_party.account_number" time="0"/>
  <testcase name="When a &quot;POST&quot; request is prepared to be sent to &quot;/api/v1/resource&quot;" classname="Scenario: A POST request is sent with incorrect value $.attributes.debtor_party.account_number_code" time="0"/>
  <testcase name="And the &quot;Content-Type&quot; attribute of the request header is &quot;application/json&quot;" classname="Scenario: A POST request is sent with incorrect value $.attributes.debtor_party.account_number_code" time="0"/>
  <testcase name="And the content is :" classname="Scenario: A POST request is sent with incorrect value $.attributes.debtor_party.account_number_code" time="0"/>
  <testcase name="And the attribute &quot;$.attributes.debtor_party.account_number_code&quot; is not present" classname="Scenario: A POST request is sent with incorrect value $.attributes.debtor_party.account_number_code" time="0"/>
  <testcase name="And the request is sent and fails and the error code is &quot;400&quot;" classname="Scenario: A POST request is sent with incorrect value $.attributes.debtor_party.account_number_code" time="0"/>
  <testcase name="And the request is sent and fails and the error code is &quot;400&quot;" classname="Scenario: A POST request is sent with incorrect value $.attributes.debtor_party.account_number_code" time="0"/>
  <testcase name="And the attribute &quot;$.attributes.debtor_party.account_number_code&quot; is incorrectly set to &quot;&quot;" classname="Scenario: A POST request is sent with incorrect value $.attributes.debtor_party.account_number_code" time="0"/>
  <testcase name="Scenario: A POST request is sent with incorrect value $.attributes.debtor_party.account_number_code" classname="Scenario: A POST request is sent with incorrect value $.attributes.debtor_party.account_number_code" time="0"/>
  <testcase name="When a &quot;POST&quot; request is prepared to be sent to &quot;/api/v1/resource&quot;" classname="Scenario: A POST request is sent with incorrect value $.attributes.debtor_party.address" time="0"/>
  <testcase name="And the &quot;Content-Type&quot; attribute of the request header is &quot;application/json&quot;" classname="Scenario: A POST request is sent with incorrect value $.attributes.debtor_party.address" time="0"/>
  <testcase name="And the content is :" classname="Scenario: A POST request is sent with incorrect value $.attributes.debtor_party.address" time="0"/>
  <testcase name="And the attribute &quot;$.attributes.debtor_party.address&quot; is not present" classname="Scenario: A POST request is sent with incorrect value $.attributes.debtor_party.address" time="0"/>
  <testcase name="And the request is sent and fails and the error code is &quot;400&quot;" classname="Scenario: A POST request is sent with incorrect value $.attributes.debtor_party.address" time="0"/>
  <testcase name="And the request is sent and fails and the error code is &quot;400&quot;" classname="Scenario: A POST request is sent with incorrect value $.attributes.debtor_party.address" time="0"/>
  <testcase name="And the attribute &quot;$.attributes.debtor_party.address&quot; is incorrectly set to &quot;&quot;" classname="Scenario: A POST request is sent with incorrect value $.attributes.debtor_party.address" time="0"/>
  <testcase name="Scenario: A POST request is sent with incorrect value $.attributes.debtor_party.address" classname="Scenario: A POST request is sent with incorrect value $.attributes.debtor_party.address" time="0"/>
  <testcase name="When a &quot;POST&quot; request is prepared to be sent to &quot;/api/v1/resource&quot;" classname="Scenario: A POST request is sent with incorrect value $.attributes.debtor_party.name" time="0"/>
  <testcase name="And the &quot;Content-Type&quot; attribute of the request header is &quot;application/json&quot;" classname="Scenario: A POST request is sent with incorrect value $.attributes.debtor_party.name" time="0"/>
  <testcase name="And the content is :" classname="Scenario: A POST request is sent with incorrect value $.attributes.debtor_party.name" time="0"/>
  <testcase name="And the attribute &quot;$.attributes.debtor_party.name&quot; is not present" classname="Scenario: A POST request is sent with incorrect value $.attributes.debtor_party.name" time="0"/>
  <testcase name="And the request is sent and fails and the error code is &quot;400&quot;" classname="Scenario: A POST request is sent with incorrect value $.attributes.debtor_party.name" time="0"/>
  <testcase name="And the request is sent and fails and the error code is &quot;400&quot;" classname="Scenario: A POST request is sent with incorrect value $.attributes.debtor_party.name" time="0"/>
  <testcase name="And the attribute &quot;$.attributes.debtor_party.name&quot; is incorrectly set to &quot;&quot;" classname="Scenario: A POST request is sent with incorrect value $.attributes.debtor_party.name" time="0"/>
  <testcase name="Scenario: A POST request is sent with incorrect value $.attributes.debtor_party.name" classname="Scenario: A POST request is sent with incorrect value $.attributes.debtor_party.name" time="0"/>
  <testcase name="When a &quot;POST&quot; request is prepared to be sent to &quot;/api/v1/resource&quot;" classname="Scenario: A POST request is sent with incorrect value $.attributes.debtor_party.bank_id" time="0"/>
  <testcase name="And the &quot;Content-Type&quot; attribute of the request header is &quot;application/json&quot;" classname="Scenario: A POST request is sent with incorrect value $.attributes.debtor_party.bank_id" time="0"/>
  <testcase name="And the content is :" classname="Scenario: A POST request is sent with incorrect value $.attributes.debtor_party.bank_id" time="0"/>
  <testcase name="And the attribute &quot;$.attributes.debtor_party.bank_id&quot; is not present" classname="Scenario: A POST request is sent with incorrect value $.attributes.debtor_party.bank_id" time="0"/>
  <testcase name="And the request is sent and fails and the error code is &quot;400&quot;" classname="Scenario: A POST request is sent with incorrect value $.attributes.debtor_party.bank_id" time="0"/>
  <testcase name="And the request is sent and fails and the error code is &quot;400&quot;" classname="Scenario: A POST request is sent with incorrect value $.attributes.debtor_party.bank_id" time="0"/>
  <testcase name="And the attribute &quot;$.attributes.debtor_party.bank_id&quot; is incorrectly set to &quot;&quot;" classname="Scenario: A POST request is sent with incorrect value $.attributes.debtor_party.bank_id" time="0"/>
  <testcase name="Scenario: A POST request is sent with incorrect value $.attributes.debtor_party.bank_id" classname="Scenario: A POST request is sent with incorrect value $.attributes.debtor_party.bank_id" time="0"/>
  <testcase name="When a &quot;POST&quot; request is prepared to be sent to &quot;/api/v1/resource&quot;" classname="Scenario: A POST request is sent with incorrect value $.attributes.debtor_party.bank_id_code" time="0"/>
  <testcase name="And the &quot;Content-Type&quot; attribute of the request header is &quot;application/json&quot;" classname="Scenario: A POST request is sent with incorrect value $.attributes.debtor_party.bank_id_code" time="0"/>
  <testcase name="And the content is :" classname="Scenario: A POST request is sent with incorrect value $.attributes.debtor_party.bank_id_code" time="0"/>
  <testcase name="And the attribute &quot;$.attributes.debtor_party.bank_id_code&quot; is not present" classname="Scenario: A POST request is sent with incorrect value $.attributes.debtor_party.bank_id_code" time="0"/>
  <testcase name="And the request is sent and fails and the error code is &quot;400&quot;" classname="Scenario: A POST request is sent with incorrect value $.attributes.debtor_party.bank_id_code" time="0"/>
  <testcase name="And the request is sent and fails and the error code is &quot;400&quot;" classname="Scenario: A POST request is sent with incorrect value $.attributes.debtor_party.bank_id_code" time="0"/>
  <testcase name="And the attribute &quot;$.attributes.debtor_party.bank_id_code&quot; is incorrectly set to &quot;&quot;" classname="Scenario: A POST request is sent with incorrect value $.attributes.debtor_party.bank_id_code" time="0.001"/>
  <testcase name="Scenario: A POST request is sent with incorrect value $.attributes.debtor_party.bank_id_code" classname="Scenario: A POST request is sent with incorrect value $.attributes.debtor_party.bank_id_code" time="0"/>
  <testcase name="When a &quot;POST&quot; request is prepared to be sent to &quot;/api/v1/resource&quot;" classname="Scenario: A POST request is sent with incorrect value $.attributes.sponsor_party.account_name" time="0"/>
  <testcase name="And the &quot;Content-Type&quot; attribute of the request header is &quot;application/json&quot;" classname="Scenario: A POST request is sent with incorrect value $.attributes.sponsor_party.account_name" time="0"/>
  <testcase name="And the content is :" classname="Scenario: A POST request is sent with incorrect value $.attributes.sponsor_party.account_name" time="0"/>
  <testcase name="And the attribute &quot;$.attributes.debtor_party.account_name&quot; is not present" classname="Scenario: A POST request is sent with incorrect value $.attributes.sponsor_party.account_name" time="0"/>
  <testcase name="And the request is sent and fails and the error code is &quot;400&quot;" classname="Scenario: A POST request is sent with incorrect value $.attributes.sponsor_party.account_name" time="0"/>
  <testcase name="And the request is sent and fails and the error code is &quot;400&quot;" classname="Scenario: A POST request is sent with incorrect value $.attributes.sponsor_party.account_name" time="0.001"/>
  <testcase name="And the attribute &quot;$.attributes.debtor_party.account_name&quot; is incorrectly set to &quot;&quot;" classname="Scenario: A POST request is sent with incorrect value $.attributes.sponsor_party.account_name" time="0"/>
  <testcase name="Scenario: A POST request is sent with incorrect value $.attributes.sponsor_party.account_name" classname="Scenario: A POST request is sent with incorrect value $.attributes.sponsor_party.account_name" time="0.001"/>
  <testcase name="When a &quot;POST&quot; request is prepared to be sent to &quot;/api/v1/resource&quot;" classname="Scenario: A POST request is sent with incorrect value $.attributes.sponsor_party.account_number" time="0"/>
  <testcase name="And the &quot;Content-Type&quot; attribute of the request header is &quot;application/json&quot;" classname="Scenario: A POST request is sent with incorrect value $.attributes.sponsor_party.account_number" time="0"/>
  <testcase name="And the content is :" classname="Scenario: A POST request is sent with incorrect value $.attributes.sponsor_party.account_number" time="0"/>
  <testcase name="And the attribute &quot;$.attributes.debtor_party.account_name&quot; is not present" classname="Scenario: A POST request is sent with incorrect value $.attributes.sponsor_party.account_number" time="0"/>
  <testcase name="And the request is sent and fails and the error code is &quot;400&quot;" classname="Scenario: A POST request is sent with incorrect value $.attributes.sponsor_party.account_number" time="0"/>
  <testcase name="And the request is sent and fails and the error code is &quot;400&quot;" classname="Scenario: A POST request is sent with incorrect value $.attributes.sponsor_party.account_number" time="0"/>
  <testcase name="And the attribute &quot;$.attributes.debtor_party.account_name&quot; is incorrectly set to &quot;&quot;" classname="Scenario: A POST request is sent with incorrect value $.attributes.sponsor_party.account_number" time="0"/>
  <testcase name="Scenario: A POST request is sent with incorrect value $.attributes.sponsor_party.account_number" classname="Scenario: A POST request is sent with incorrect value $.attributes.sponsor_party.account_number" time="0"/>
  <testcase name="When a &quot;POST&quot; request is prepared to be sent to &quot;/api/v1/resource&quot;" classname="Scenario: A POST request is sent with incorrect value $.attributes.sponsor_party.bank_id" time="0"/>
  <testcase name="And the &quot;Content-Type&quot; attribute of the request header is &quot;application/json&quot;" classname="Scenario: A POST request is sent with incorrect value $.attributes.sponsor_party.bank_id" time="0"/>
  <testcase name="And the content is :" classname="Scenario: A POST request is sent with incorrect value $.attributes.sponsor_party.bank_id" time="0"/>
  <testcase name="And the attribute &quot;$.attributes.debtor_party.bank_id&quot; is not present" classname="Scenario: A POST request is sent with incorrect value $.attributes.sponsor_party.bank_id" time="0"/>
  <testcase name="And the request is sent and fails and the error code is &quot;400&quot;" classname="Scenario: A POST request is sent with incorrect value $.attributes.sponsor_party.bank_id" time="0"/>
  <testcase name="And the request is sent and fails and the error code is &quot;400&quot;" classname="Scenario: A POST request is sent with incorrect value $.attributes.sponsor_party.bank_id" time="0"/>
  <testcase name="And the attribute &quot;$.attributes.debtor_party.bank_id&quot; is incorrectly set to &quot;&quot;" classname="Scenario: A POST request is sent with incorrect value $.attributes.sponsor_party.bank_id" time="0"/>
  <testcase name="Scenario: A POST request is sent with incorrect value $.attributes.sponsor_party.bank_id" classname="Scenario: A POST request is sent with incorrect value $.attributes.sponsor_party.bank_id" time="0.001"/>
  <testcase name="When a &quot;POST&quot; request is prepared to be sent to &quot;/api/v1/resource&quot;" classname="Scenario: A POST request is sent with incorrect value $.attributes.sponsor_party.bank_id_code" time="0"/>
  <testcase name="And the &quot;Content-Type&quot; attribute of the request header is &quot;application/json&quot;" classname="Scenario: A POST request is sent with incorrect value $.attributes.sponsor_party.bank_id_code" time="0"/>
  <testcase name="And the content is :" classname="Scenario: A POST request is sent with incorrect value $.attributes.sponsor_party.bank_id_code" time="0"/>
  <testcase name="And the attribute &quot;$.attributes.debtor_party.bank_id_code&quot; is not present" classname="Scenario: A POST request is sent with incorrect value $.attributes.sponsor_party.bank_id_code" time="0"/>
  <testcase name="And the request is sent and fails and the error code is &quot;400&quot;" classname="Scenario: A POST request is sent with incorrect value $.attributes.sponsor_party.bank_id_code" time="0"/>
  <testcase name="And the request is sent and fails and the error code is &quot;400&quot;" classname="Scenario: A POST request is sent with incorrect value $.attributes.sponsor_party.bank_id_code" time="0"/>
  <testcase name="And the attribute &quot;$.attributes.debtor_party.bank_id_code&quot; is incorrectly set to &quot;&quot;" classname="Scenario: A POST request is sent with incorrect value $.attributes.sponsor_party.bank_id_code" time="0"/>
  <testcase name="Scenario: A POST request is sent with incorrect value $.attributes.sponsor_party.bank_id_code" classname="Scenario: A POST request is sent with incorrect value $.attributes.sponsor_party.bank_id_code" time="0"/>
  <testcase name="When a &quot;POST&quot; request is prepared to be sent to &quot;/api/v1/resource&quot;" classname="Scenario: A POST request is sent with incorrect value $.attributes.fx.contract_reference" time="0"/>
  <testcase name="And the &quot;Content-Type&quot; attribute of the request header is &quot;application/json&quot;" classname="Scenario: A POST request is sent with incorrect value $.attributes.fx.contract_reference" time="0"/>
  <testcase name="And the content is :" classname="Scenario: A POST request is sent with incorrect value $.attributes.fx.contract_reference" time="0"/>
  <testcase name="And the attribute &quot;$.attributes.fx.contract_reference&quot; is not present" classname="Scenario: A POST request is sent with incorrect value $.attributes.fx.contract_reference" time="0"/>
  <testcase name="And the request is sent and fails and the error code is &quot;400&quot;" classname="Scenario: A POST request is sent with incorrect value $.attributes.fx.contract_reference" time="0"/>
  <testcase name="And the request is sent and fails and the error code is &quot;400&quot;" classname="Scenario: A POST request is sent with incorrect value $.attributes.fx.contract_reference" time="0"/>
  <testcase name="And the attribute &quot;$.attributes.fx.contract_reference&quot; is incorrectly set to &quot;&quot;" classname="Scenario: A POST request is sent with incorrect value $.attributes.fx.contract_reference" time="0"/>
  <testcase name="Scenario: A POST request is sent with incorrect value $.attributes.fx.contract_reference" classname="Scenario: A POST request is sent with incorrect value $.attributes.fx.contract_reference" time="0"/>
  <testcase name="When a &quot;POST&quot; request is prepared to be sent to &quot;/api/v1/resource&quot;" classname="Scenario: A POST request is sent with incorrect value $.attributes.fx.exchange_rate" time="0"/>
  <testcase name="And the &quot;Content-Type&quot; attribute of the request header is &quot;application/json&quot;" classname="Scenario: A POST request is sent with incorrect value $.attributes.fx.exchange_rate" time="0"/>
  <testcase name="And the content is :" classname="Scenario: A POST request is sent with incorrect value $.attributes.fx.exchange_rate" time="0"/>
  <testcase name="And the attribute &quot;$.attributes.fx.exchange_rate&quot; is not present" classname="Scenario: A POST request is sent with incorrect value $.attributes.fx.exchange_rate" time="0"/>
  <testcase name="And the request is sent and fails and the error code is &quot;400&quot;" classname="Scenario: A POST request is sent with incorrect value $.attributes.fx.exchange_rate" time="0"/>
  <testcase name="And the request is sent and fails and the error code is &quot;400&quot;" classname="Scenario: A POST request is sent with incorrect value $.attributes.fx.exchange_rate" time="0"/>
  <testcase name="And the attribute &quot;$.attributes.fx.exchange_rate&quot; is incorrectly set to &quot;&quot;" classname="Scenario: A POST request is sent with incorrect value $.attributes.fx.exchange_rate" time="0"/>
  <testcase name="Scenario: A POST request is sent with incorrect value $.attributes.fx.exchange_rate" classname="Scenario: A POST request is sent with incorrect value $.attributes.fx.exchange_rate" time="0"/>
  <testcase name="When a &quot;POST&quot; request is prepared to be sent to &quot;/api/v1/resource&quot;" classname="Scenario: A POST request is sent with incorrect value $.attributes.fx.original_amount" time="0"/>
  <testcase name="And the &quot;Content-Type&quot; attribute of the request header is &quot;application/json&quot;" classname="Scenario: A POST request is sent with incorrect value $.attributes.fx.original_amount" time="0"/>
  <testcase name="And the content is :" classname="Scenario: A POST request is sent with incorrect value $.attributes.fx.original_amount" time="0"/>
  <testcase name="And the attribute &quot;$.attributes.fx.original_amount&quot; is not present" classname="Scenario: A POST request is sent with incorrect value $.attributes.fx.original_amount" time="0"/>
  <testcase name="And the request is sent and fails and the error code is &quot;400&quot;" classname="Scenario: A POST request is sent with incorrect value $.attributes.fx.original_amount" time="0"/>
  <testcase name="And the request is sent and fails and the error code is &quot;400&quot;" classname="Scenario: A POST request is sent with incorrect value $.attributes.fx.original_amount" time="0"/>
  <testcase name="And the attribute &quot;$.attributes.fx.original_amount&quot; is incorrectly set to &quot;&quot;" classname="Scenario: A POST request is sent with incorrect value $.attributes.fx.original_amount" time="0"/>
  <testcase name="Scenario: A POST request is sent with incorrect value $.attributes.fx.original_amount" classname="Scenario: A POST request is sent with incorrect value $.attributes.fx.original_amount" time="0"/>
  <testcase name="When a &quot;POST&quot; request is prepared to be sent to &quot;/api/v1/resource&quot;" classname="Scenario: A POST request is sent with incorrect value $.attributes.charges_information.bearer_code" time="0"/>
  <testcase name="And the &quot;Content-Type&quot; attribute of the request header is &quot;application/json&quot;" classname="Scenario: A POST request is sent with incorrect value $.attributes.charges_information.bearer_code" time="0"/>
  <testcase name="And the content is :" classname="Scenario: A POST request is sent with incorrect value $.attributes.charges_information.bearer_code" time="0"/>
  <testcase name="And the attribute &quot;$.attributes.charges_information.bearer_code&quot; is not present" classname="Scenario: A POST request is sent with incorrect value $.attributes.charges_information.bearer_code" time="0"/>
  <testcase name="And the request is sent and fails and the error code is &quot;400&quot;" classname="Scenario: A POST request is sent with incorrect value $.attributes.charges_information.bearer_code" time="0"/>
  <testcase name="And the request is sent and fails and the error code is &quot;400&quot;" classname="Scenario: A POST request is sent with incorrect value $.attributes.charges_information.bearer_code" time="0"/>
  <testcase name="And the request is sent and fails and the error code is &quot;400&quot;" classname="Scenario: A POST request is sent with incorrect value $.attributes.charges_information.bearer_code" time="0"/>
  <testcase name="And the attribute &quot;$.attributes.charges_information.bearer_code&quot; is incorrectly set to &quot;&quot;" classname="Scenario: A POST request is sent with incorrect value $.attributes.charges_information.bearer_code" time="0"/>
  <testcase name="And the attribute &quot;$.attributes.charges_information.bearer_code&quot; is incorrectly set to &quot;XYZ&quot;" classname="Scenario: A POST request is sent with incorrect value $.attributes.charges_information.bearer_code" time="0"/>
  <testcase name="Scenario: A POST request is sent with incorrect value $.attributes.charges_information.bearer_code" classname="Scenario: A POST request is sent with incorrect value $.attributes.charges_information.bearer_code" time="0"/>
  <testcase name="When a &quot;POST&quot; request is prepared to be sent to &quot;/api/v1/resource&quot;" classname="Scenario: A POST request is sent with incorrect value $.attributes.charges_information.receiver_charges_amount" time="0"/>
  <testcase name="And the &quot;Content-Type&quot; attribute of the request header is &quot;application/json&quot;" classname="Scenario: A POST request is sent with incorrect value $.attributes.charges_information.receiver_charges_amount" time="0"/>
  <testcase name="And the content is :" classname="Scenario: A POST request is sent with incorrect value $.attributes.charges_information.receiver_charges_amount" time="0"/>
  <testcase name="And the attribute &quot;$.attributes.charges_information.receiver_charges_amount&quot; is not present" classname="Scenario: A POST request is sent with incorrect value $.attributes.charges_information.receiver_charges_amount" time="0"/>
  <testcase name="And the request is sent and fails and the error code is &quot;400&quot;" classname="Scenario: A POST request is sent with incorrect value $.attributes.charges_information.receiver_charges_amount" time="0"/>
  <testcase name="And the request is sent and fails and the error code is &quot;400&quot;" classname="Scenario: A POST request is sent with incorrect value $.attributes.charges_information.receiver_charges_amount" time="0"/>
  <testcase name="And the attribute &quot;$.attributes.charges_information.receiver_charges_amount&quot; is incorrectly set to &quot;&quot;" classname="Scenario: A POST request is sent with incorrect value $.attributes.charges_information.receiver_charges_amount" time="0"/>
  <testcase name="Scenario: A POST request is sent with incorrect value $.attributes.charges_information.receiver_charges_amount" classname="Scenario: A POST request is sent with incorrect value $.attributes.charges_information.receiver_charges_amount" time="0"/>
  <testcase name="When a &quot;POST&quot; request is prepared to be sent to &quot;/api/v1/resource&quot;" classname="Scenario: A POST request is sent with incorrect value $.attributes.charges_information.receiver_charges_currency" time="0"/>
  <testcase name="And the &quot;Content-Type&quot; attribute of the request header is &quot;application/json&quot;" classname="Scenario: A POST request is sent with incorrect value $.attributes.charges_information.receiver_charges_currency" time="0"/>
  <testcase name="And the content is :" classname="Scenario: A POST request is sent with incorrect value $.attributes.charges_information.receiver_charges_currency" time="0"/>
  <testcase name="And the attribute &quot;$.attributes.charges_information.receiver_charges_currency&quot; is not present" classname="Scenario: A POST request is sent with incorrect value $.attributes.charges_information.receiver_charges_currency" time="0"/>
  <testcase name="And the request is sent and fails and the error code is &quot;400&quot;" classname="Scenario: A POST request is sent with incorrect value $.attributes.charges_information.receiver_charges_currency" time="0"/>
  <testcase name="And the request is sent and fails and the error code is &quot;400&quot;" classname="Scenario: A POST request is sent with incorrect value $.attributes.charges_information.receiver_charges_currency" time="0"/>
  <testcase name="And the attribute &quot;$.attributes.charges_information.receiver_charges_currency&quot; is incorrectly set to &quot;&quot;" classname="Scenario: A POST request is sent with incorrect value $.attributes.charges_information.receiver_charges_currency" time="0"/>
  <testcase name="Scenario: A POST request is sent with incorrect value $.attributes.charges_information.receiver_charges_currency" classname="Scenario: A POST request is sent with incorrect value $.attributes.charges_information.receiver_charges_currency" time="0"/>
</testsuite>